In file included from /usr/include/c++/4.8/backward/strstream:51:0,
                 from /usr/include/vtk-5.8/vtkIOStream.h:112,
                 from /usr/include/vtk-5.8/vtkSystemIncludes.h:40,
                 from /usr/include/vtk-5.8/vtkIndent.h:24,
                 from /usr/include/vtk-5.8/vtkObjectBase.h:43,
                 from /usr/include/vtk-5.8/vtkSmartPointerBase.h:26,
                 from /usr/include/vtk-5.8/vtkSmartPointer.h:23,
                 from /usr/include/pcl-1.7/pcl/visualization/point_cloud_geometry_handlers.h:48,
                 from /usr/include/pcl-1.7/pcl/visualization/point_cloud_handlers.h:41,
                 from /usr/include/pcl-1.7/pcl/visualization/common/actor_map.h:40,
                 from /usr/include/pcl-1.7/pcl/visualization/pcl_visualizer.h:47,
                 from /usr/include/pcl-1.7/pcl/visualization/cloud_viewer.h:39,
                 from /home/unnar/catkin_ws/src/exx-compression/include/plane_features/plane_features.h:8,
                 from /home/unnar/catkin_ws/src/exx_wall_extraction/src/plane_test.cpp:4:
/usr/include/c++/4.8/backward/backward_warning.h:32:2: warning: #warning This file includes at least one deprecated or antiquated header which may be removed without further notice at a future date. Please use a non-deprecated interface with equivalent functionality instead. For a listing of replacement headers and interfaces, consult the file backward_warning.h. To disable this warning use -Wno-deprecated. [-Wcpp]
 #warning \
  ^
/home/unnar/catkin_ws/src/exx_wall_extraction/src/plane_test.cpp: In member function ‘void PlaneTest::testCompression()’:
/home/unnar/catkin_ws/src/exx_wall_extraction/src/plane_test.cpp:231:20: error: no match for ‘operator<’ (operand types are ‘std::set<std::set<int> >::const_iterator {aka std::_Rb_tree_const_iterator<std::set<int> >}’ and ‘std::set<std::set<int> >::iterator {aka std::_Rb_tree_const_iterator<std::set<int> >}’)
         for ( ; it < sets.end(); ++it){
                    ^
/home/unnar/catkin_ws/src/exx_wall_extraction/src/plane_test.cpp:231:20: note: candidates are:
In file included from /usr/include/vtk-5.8/vtkSmartPointer.h:23:0,
                 from /usr/include/pcl-1.7/pcl/visualization/point_cloud_geometry_handlers.h:48,
                 from /usr/include/pcl-1.7/pcl/visualization/point_cloud_handlers.h:41,
                 from /usr/include/pcl-1.7/pcl/visualization/common/actor_map.h:40,
                 from /usr/include/pcl-1.7/pcl/visualization/pcl_visualizer.h:47,
                 from /usr/include/pcl-1.7/pcl/visualization/cloud_viewer.h:39,
                 from /home/unnar/catkin_ws/src/exx-compression/include/plane_features/plane_features.h:8,
                 from /home/unnar/catkin_ws/src/exx_wall_extraction/src/plane_test.cpp:4:
/usr/include/vtk-5.8/vtkSmartPointerBase.h:110:1: note: vtkstd_bool operator<(const vtkSmartPointerBase&, const vtkSmartPointerBase&)
 VTK_SMART_POINTER_BASE_DEFINE_OPERATOR(<)
 ^
/usr/include/vtk-5.8/vtkSmartPointerBase.h:110:1: note:   no known conversion for argument 1 from ‘std::set<std::set<int> >::const_iterator {aka std::_Rb_tree_const_iterator<std::set<int> >}’ to ‘const vtkSmartPointerBase&’
/usr/include/vtk-5.8/vtkSmartPointerBase.h:110:1: note: vtkstd_bool operator<(vtkObjectBase*, const vtkSmartPointerBase&)
 VTK_SMART_POINTER_BASE_DEFINE_OPERATOR(<)
 ^
/usr/include/vtk-5.8/vtkSmartPointerBase.h:110:1: note:   no known conversion for argument 1 from ‘std::set<std::set<int> >::const_iterator {aka std::_Rb_tree_const_iterator<std::set<int> >}’ to ‘vtkObjectBase*’
/usr/include/vtk-5.8/vtkSmartPointerBase.h:110:1: note: vtkstd_bool operator<(const vtkSmartPointerBase&, vtkObjectBase*)
 VTK_SMART_POINTER_BASE_DEFINE_OPERATOR(<)
 ^
/usr/include/vtk-5.8/vtkSmartPointerBase.h:110:1: note:   no known conversion for argument 1 from ‘std::set<std::set<int> >::const_iterator {aka std::_Rb_tree_const_iterator<std::set<int> >}’ to ‘const vtkSmartPointerBase&’
In file included from /usr/include/pcl-1.7/pcl/visualization/point_cloud_geometry_handlers.h:48:0,
                 from /usr/include/pcl-1.7/pcl/visualization/point_cloud_handlers.h:41,
                 from /usr/include/pcl-1.7/pcl/visualization/common/actor_map.h:40,
                 from /usr/include/pcl-1.7/pcl/visualization/pcl_visualizer.h:47,
                 from /usr/include/pcl-1.7/pcl/visualization/cloud_viewer.h:39,
                 from /home/unnar/catkin_ws/src/exx-compression/include/plane_features/plane_features.h:8,
                 from /home/unnar/catkin_ws/src/exx_wall_extraction/src/plane_test.cpp:4:
/usr/include/vtk-5.8/vtkSmartPointer.h:192:1: note: template<class T> vtkstd_bool operator<(const vtkSmartPointer<T>&, const vtkSmartPointer<T>&)
 VTK_SMART_POINTER_DEFINE_OPERATOR(<)
 ^
/usr/include/vtk-5.8/vtkSmartPointer.h:192:1: note:   template argument deduction/substitution failed:
/home/unnar/catkin_ws/src/exx_wall_extraction/src/plane_test.cpp:231:31: note:   ‘std::set<std::set<int> >::const_iterator {aka std::_Rb_tree_const_iterator<std::set<int> >}’ is not derived from ‘const vtkSmartPointer<T>’
         for ( ; it < sets.end(); ++it){
                               ^
In file included from /usr/include/pcl-1.7/pcl/visualization/point_cloud_geometry_handlers.h:48:0,
                 from /usr/include/pcl-1.7/pcl/visualization/point_cloud_handlers.h:41,
                 from /usr/include/pcl-1.7/pcl/visualization/common/actor_map.h:40,
                 from /usr/include/pcl-1.7/pcl/visualization/pcl_visualizer.h:47,
                 from /usr/include/pcl-1.7/pcl/visualization/cloud_viewer.h:39,
                 from /home/unnar/catkin_ws/src/exx-compression/include/plane_features/plane_features.h:8,
                 from /home/unnar/catkin_ws/src/exx_wall_extraction/src/plane_test.cpp:4:
/usr/include/vtk-5.8/vtkSmartPointer.h:192:1: note: template<class T> vtkstd_bool operator<(T*, const vtkSmartPointer<T>&)
 VTK_SMART_POINTER_DEFINE_OPERATOR(<)
 ^
/usr/include/vtk-5.8/vtkSmartPointer.h:192:1: note:   template argument deduction/substitution failed:
/home/unnar/catkin_ws/src/exx_wall_extraction/src/plane_test.cpp:231:31: note:   mismatched types ‘T*’ and ‘std::_Rb_tree_const_iterator<std::set<int> >’
         for ( ; it < sets.end(); ++it){
                               ^
In file included from /usr/include/pcl-1.7/pcl/visualization/point_cloud_geometry_handlers.h:48:0,
                 from /usr/include/pcl-1.7/pcl/visualization/point_cloud_handlers.h:41,
                 from /usr/include/pcl-1.7/pcl/visualization/common/actor_map.h:40,
                 from /usr/include/pcl-1.7/pcl/visualization/pcl_visualizer.h:47,
                 from /usr/include/pcl-1.7/pcl/visualization/cloud_viewer.h:39,
                 from /home/unnar/catkin_ws/src/exx-compression/include/plane_features/plane_features.h:8,
                 from /home/unnar/catkin_ws/src/exx_wall_extraction/src/plane_test.cpp:4:
/usr/include/vtk-5.8/vtkSmartPointer.h:192:1: note: template<class T> vtkstd_bool operator<(const vtkSmartPointer<T>&, T*)
 VTK_SMART_POINTER_DEFINE_OPERATOR(<)
 ^
/usr/include/vtk-5.8/vtkSmartPointer.h:192:1: note:   template argument deduction/substitution failed:
/home/unnar/catkin_ws/src/exx_wall_extraction/src/plane_test.cpp:231:31: note:   ‘std::set<std::set<int> >::const_iterator {aka std::_Rb_tree_const_iterator<std::set<int> >}’ is not derived from ‘const vtkSmartPointer<T>’
         for ( ; it < sets.end(); ++it){
                               ^
In file included from /usr/include/vtk-5.8/vtkObject.h:44:0,
                 from /usr/include/vtk-5.8/vtkPoints.h:23,
                 from /usr/include/pcl-1.7/pcl/visualization/point_cloud_geometry_handlers.h:49,
                 from /usr/include/pcl-1.7/pcl/visualization/point_cloud_handlers.h:41,
                 from /usr/include/pcl-1.7/pcl/visualization/common/actor_map.h:40,
                 from /usr/include/pcl-1.7/pcl/visualization/pcl_visualizer.h:47,
                 from /usr/include/pcl-1.7/pcl/visualization/cloud_viewer.h:39,
                 from /home/unnar/catkin_ws/src/exx-compression/include/plane_features/plane_features.h:8,
                 from /home/unnar/catkin_ws/src/exx_wall_extraction/src/plane_test.cpp:4:
/usr/include/vtk-5.8/vtkWeakPointerBase.h:102:1: note: vtkstd_bool operator<(const vtkWeakPointerBase&, const vtkWeakPointerBase&)
 VTK_WEAK_POINTER_BASE_DEFINE_OPERATOR(<)
 ^
/usr/include/vtk-5.8/vtkWeakPointerBase.h:102:1: note:   no known conversion for argument 1 from ‘std::set<std::set<int> >::const_iterator {aka std::_Rb_tree_const_iterator<std::set<int> >}’ to ‘const vtkWeakPointerBase&’
/usr/include/vtk-5.8/vtkWeakPointerBase.h:102:1: note: vtkstd_bool operator<(vtkObjectBase*, const vtkWeakPointerBase&)
 VTK_WEAK_POINTER_BASE_DEFINE_OPERATOR(<)
 ^
/usr/include/vtk-5.8/vtkWeakPointerBase.h:102:1: note:   no known conversion for argument 1 from ‘std::set<std::set<int> >::const_iterator {aka std::_Rb_tree_const_iterator<std::set<int> >}’ to ‘vtkObjectBase*’
/usr/include/vtk-5.8/vtkWeakPointerBase.h:102:1: note: vtkstd_bool operator<(const vtkWeakPointerBase&, vtkObjectBase*)
 VTK_WEAK_POINTER_BASE_DEFINE_OPERATOR(<)
 ^
/usr/include/vtk-5.8/vtkWeakPointerBase.h:102:1: note:   no known conversion for argument 1 from ‘std::set<std::set<int> >::const_iterator {aka std::_Rb_tree_const_iterator<std::set<int> >}’ to ‘const vtkWeakPointerBase&’
In file included from /usr/include/vtk-5.8/vtkVariant.h:36:0,
                 from /usr/include/vtk-5.8/vtkAbstractArray.h:45,
                 from /usr/include/vtk-5.8/vtkDataArray.h:37,
                 from /usr/include/vtk-5.8/vtkPoints.h:25,
                 from /usr/include/pcl-1.7/pcl/visualization/point_cloud_geometry_handlers.h:49,
                 from /usr/include/pcl-1.7/pcl/visualization/point_cloud_handlers.h:41,
                 from /usr/include/pcl-1.7/pcl/visualization/common/actor_map.h:40,
                 from /usr/include/pcl-1.7/pcl/visualization/pcl_visualizer.h:47,
                 from /usr/include/pcl-1.7/pcl/visualization/cloud_viewer.h:39,
                 from /home/unnar/catkin_ws/src/exx-compression/include/plane_features/plane_features.h:8,
                 from /home/unnar/catkin_ws/src/exx_wall_extraction/src/plane_test.cpp:4:
/usr/include/vtk-5.8/vtkUnicodeString.h:236:24: note: bool operator<(const vtkUnicodeString&, const vtkUnicodeString&)
 VTK_COMMON_EXPORT bool operator<(const vtkUnicodeString& lhs, const vtkUnicodeString& rhs);
                        ^
/usr/include/vtk-5.8/vtkUnicodeString.h:236:24: note:   no known conversion for argument 1 from ‘std::set<std::set<int> >::const_iterator {aka std::_Rb_tree_const_iterator<std::set<int> >}’ to ‘const vtkUnicodeString&’
In file included from /usr/include/qt4/QtCore/qstring.h:45:0,
                 from /usr/include/qt4/QtCore/qobject.h:48,
                 from /usr/include/qt4/QtCore/qiodevice.h:46,
                 from /usr/include/qt4/QtCore/qfile.h:45,
                 from /usr/include/qt4/QtCore/QFile:1,
                 from /home/unnar/catkin_ws/src/strands_3d_mapping/metaroom_xml_parser/include/simple_xml_parser.h:12,
                 from /home/unnar/catkin_ws/src/exx_wall_extraction/src/plane_test.cpp:18:
/usr/include/qt4/QtCore/qchar.h:396:13: note: bool operator<(QChar, QChar)
 inline bool operator<(QChar c1, QChar c2) { return c1.unicode() < c2.unicode(); }
             ^
/usr/include/qt4/QtCore/qchar.h:396:13: note:   no known conversion for argument 1 from ‘std::set<std::set<int> >::const_iterator {aka std::_Rb_tree_const_iterator<std::set<int> >}’ to ‘QChar’
In file included from /usr/include/qt4/QtCore/qstring.h:46:0,
                 from /usr/include/qt4/QtCore/qobject.h:48,
                 from /usr/include/qt4/QtCore/qiodevice.h:46,
                 from /usr/include/qt4/QtCore/qfile.h:45,
                 from /usr/include/qt4/QtCore/QFile:1,
                 from /home/unnar/catkin_ws/src/strands_3d_mapping/metaroom_xml_parser/include/simple_xml_parser.h:12,
                 from /home/unnar/catkin_ws/src/exx_wall_extraction/src/plane_test.cpp:18:
/usr/include/qt4/QtCore/qbytearray.h:539:13: note: bool operator<(const QByteArray&, const QByteArray&)
 inline bool operator<(const QByteArray &a1, const QByteArray &a2)
             ^
/usr/include/qt4/QtCore/qbytearray.h:539:13: note:   no known conversion for argument 1 from ‘std::set<std::set<int> >::const_iterator {aka std::_Rb_tree_const_iterator<std::set<int> >}’ to ‘const QByteArray&’
/usr/include/qt4/QtCore/qbytearray.h:541:14: note: bool operator<(const QByteArray&, const char*)
  inline bool operator<(const QByteArray &a1, const char *a2)
              ^
/usr/include/qt4/QtCore/qbytearray.h:541:14: note:   no known conversion for argument 1 from ‘std::set<std::set<int> >::const_iterator {aka std::_Rb_tree_const_iterator<std::set<int> >}’ to ‘const QByteArray&’
/usr/include/qt4/QtCore/qbytearray.h:543:13: note: bool operator<(const char*, const QByteArray&)
 inline bool operator<(const char *a1, const QByteArray &a2)
             ^
/usr/include/qt4/QtCore/qbytearray.h:543:13: note:   no known conversion for argument 1 from ‘std::set<std::set<int> >::const_iterator {aka std::_Rb_tree_const_iterator<std::set<int> >}’ to ‘const char*’
In file included from /usr/include/qt4/QtCore/qobject.h:48:0,
                 from /usr/include/qt4/QtCore/qiodevice.h:46,
                 from /usr/include/qt4/QtCore/qfile.h:45,
                 from /usr/include/qt4/QtCore/QFile:1,
                 from /home/unnar/catkin_ws/src/strands_3d_mapping/metaroom_xml_parser/include/simple_xml_parser.h:12,
                 from /home/unnar/catkin_ws/src/exx_wall_extraction/src/plane_test.cpp:18:
/usr/include/qt4/QtCore/qstring.h:940:32: note: bool operator<(const char*, const QString&)
 inline QT_ASCII_CAST_WARN bool operator<(const char *s1, const QString &s2)
                                ^
/usr/include/qt4/QtCore/qstring.h:940:32: note:   no known conversion for argument 1 from ‘std::set<std::set<int> >::const_iterator {aka std::_Rb_tree_const_iterator<std::set<int> >}’ to ‘const char*’
/usr/include/qt4/QtCore/qstring.h:953:32: note: bool operator<(const char*, const QLatin1String&)
 inline QT_ASCII_CAST_WARN bool operator<(const char *s1, const QLatin1String &s2)
                                ^
/usr/include/qt4/QtCore/qstring.h:953:32: note:   no known conversion for argument 1 from ‘std::set<std::set<int> >::const_iterator {aka std::_Rb_tree_const_iterator<std::set<int> >}’ to ‘const char*’
/usr/include/qt4/QtCore/qstring.h:966:13: note: bool operator<(const QLatin1String&, const QLatin1String&)
 inline bool operator<(const QLatin1String &s1, const QLatin1String &s2)
             ^
/usr/include/qt4/QtCore/qstring.h:966:13: note:   no known conversion for argument 1 from ‘std::set<std::set<int> >::const_iterator {aka std::_Rb_tree_const_iterator<std::set<int> >}’ to ‘const QLatin1String&’
/usr/include/qt4/QtCore/qstring.h:1220:20: note: bool operator<(const QStringRef&, const QStringRef&)
 Q_CORE_EXPORT bool operator<(const QStringRef &s1,const QStringRef &s2);
                    ^
/usr/include/qt4/QtCore/qstring.h:1220:20: note:   no known conversion for argument 1 from ‘std::set<std::set<int> >::const_iterator {aka std::_Rb_tree_const_iterator<std::set<int> >}’ to ‘const QStringRef&’
In file included from /usr/include/opencv2/contrib/retina.hpp:76:0,
                 from /usr/include/opencv2/contrib/contrib.hpp:979,
                 from /usr/include/opencv2/opencv.hpp:59,
                 from /home/unnar/catkin_ws/src/strands_3d_mapping/metaroom_xml_parser/include/simple_xml_parser.h:18,
                 from /home/unnar/catkin_ws/src/exx_wall_extraction/src/plane_test.cpp:18:
/usr/include/c++/4.8/valarray:1181:1: note: template<class _Tp> std::_Expr<std::_BinClos<std::__less, std::_Constant, std::_ValArray, _Tp, _Tp>, typename std::__fun<std::__less, _Tp>::result_type> std::operator<(const _Tp&, const std::valarray<_Tp>&)
 _DEFINE_BINARY_OPERATOR(<, __less)
 ^
/usr/include/c++/4.8/valarray:1181:1: note:   template argument deduction/substitution failed:
/home/unnar/catkin_ws/src/exx_wall_extraction/src/plane_test.cpp:231:31: note:   ‘std::set<std::set<int> >::iterator {aka std::_Rb_tree_const_iterator<std::set<int> >}’ is not derived from ‘const std::valarray<_Tp>’
         for ( ; it < sets.end(); ++it){
                               ^
In file included from /usr/include/opencv2/contrib/retina.hpp:76:0,
                 from /usr/include/opencv2/contrib/contrib.hpp:979,
                 from /usr/include/opencv2/opencv.hpp:59,
                 from /home/unnar/catkin_ws/src/strands_3d_mapping/metaroom_xml_parser/include/simple_xml_parser.h:18,
                 from /home/unnar/catkin_ws/src/exx_wall_extraction/src/plane_test.cpp:18:
/usr/include/c++/4.8/valarray:1181:1: note: template<class _Tp> std::_Expr<std::_BinClos<std::__less, std::_ValArray, std::_Constant, _Tp, _Tp>, typename std::__fun<std::__less, _Tp>::result_type> std::operator<(const std::valarray<_Tp>&, const _Tp&)
 _DEFINE_BINARY_OPERATOR(<, __less)
 ^
/usr/include/c++/4.8/valarray:1181:1: note:   template argument deduction/substitution failed:
/home/unnar/catkin_ws/src/exx_wall_extraction/src/plane_test.cpp:231:31: note:   ‘std::set<std::set<int> >::const_iterator {aka std::_Rb_tree_const_iterator<std::set<int> >}’ is not derived from ‘const std::valarray<_Tp>’
         for ( ; it < sets.end(); ++it){
                               ^
In file included from /usr/include/opencv2/contrib/retina.hpp:76:0,
                 from /usr/include/opencv2/contrib/contrib.hpp:979,
                 from /usr/include/opencv2/opencv.hpp:59,
                 from /home/unnar/catkin_ws/src/strands_3d_mapping/metaroom_xml_parser/include/simple_xml_parser.h:18,
                 from /home/unnar/catkin_ws/src/exx_wall_extraction/src/plane_test.cpp:18:
/usr/include/c++/4.8/valarray:1181:1: note: template<class _Tp> std::_Expr<std::_BinClos<std::__less, std::_ValArray, std::_ValArray, _Tp, _Tp>, typename std::__fun<std::__less, _Tp>::result_type> std::operator<(const std::valarray<_Tp>&, const std::valarray<_Tp>&)
 _DEFINE_BINARY_OPERATOR(<, __less)
 ^
/usr/include/c++/4.8/valarray:1181:1: note:   template argument deduction/substitution failed:
/home/unnar/catkin_ws/src/exx_wall_extraction/src/plane_test.cpp:231:31: note:   ‘std::set<std::set<int> >::const_iterator {aka std::_Rb_tree_const_iterator<std::set<int> >}’ is not derived from ‘const std::valarray<_Tp>’
         for ( ; it < sets.end(); ++it){
                               ^
In file included from /usr/include/c++/4.8/valarray:587:0,
                 from /usr/include/opencv2/contrib/retina.hpp:76,
                 from /usr/include/opencv2/contrib/contrib.hpp:979,
                 from /usr/include/opencv2/opencv.hpp:59,
                 from /home/unnar/catkin_ws/src/strands_3d_mapping/metaroom_xml_parser/include/simple_xml_parser.h:18,
                 from /home/unnar/catkin_ws/src/exx_wall_extraction/src/plane_test.cpp:18:
/usr/include/c++/4.8/bits/valarray_after.h:416:5: note: template<class _Dom> std::_Expr<std::_BinClos<std::__less, std::_ValArray, std::_Expr, typename _Dom::value_type, _Dom>, typename std::__fun<std::__less, typename _Dom1::value_type>::result_type> std::operator<(const std::valarray<typename _Dom::value_type>&, const std::_Expr<_Dom1, typename _Dom1::value_type>&)
     _DEFINE_EXPR_BINARY_OPERATOR(<, __less)
     ^
/usr/include/c++/4.8/bits/valarray_after.h:416:5: note:   template argument deduction/substitution failed:
/home/unnar/catkin_ws/src/exx_wall_extraction/src/plane_test.cpp:231:31: note:   ‘std::set<std::set<int> >::const_iterator {aka std::_Rb_tree_const_iterator<std::set<int> >}’ is not derived from ‘const std::valarray<typename _Dom::value_type>’
         for ( ; it < sets.end(); ++it){
                               ^
In file included from /usr/include/c++/4.8/valarray:587:0,
                 from /usr/include/opencv2/contrib/retina.hpp:76,
                 from /usr/include/opencv2/contrib/contrib.hpp:979,
                 from /usr/include/opencv2/opencv.hpp:59,
                 from /home/unnar/catkin_ws/src/strands_3d_mapping/metaroom_xml_parser/include/simple_xml_parser.h:18,
                 from /home/unnar/catkin_ws/src/exx_wall_extraction/src/plane_test.cpp:18:
/usr/include/c++/4.8/bits/valarray_after.h:416:5: note: template<class _Dom> std::_Expr<std::_BinClos<std::__less, std::_Expr, std::_ValArray, _Dom, typename _Dom::value_type>, typename std::__fun<std::__less, typename _Dom1::value_type>::result_type> std::operator<(const std::_Expr<_Dom1, typename _Dom1::value_type>&, const std::valarray<typename _Dom::value_type>&)
     _DEFINE_EXPR_BINARY_OPERATOR(<, __less)
     ^
/usr/include/c++/4.8/bits/valarray_after.h:416:5: note:   template argument deduction/substitution failed:
/home/unnar/catkin_ws/src/exx_wall_extraction/src/plane_test.cpp:231:31: note:   ‘std::set<std::set<int> >::const_iterator {aka std::_Rb_tree_const_iterator<std::set<int> >}’ is not derived from ‘const std::_Expr<_Dom1, typename _Dom1::value_type>’
         for ( ; it < sets.end(); ++it){
                               ^
In file included from /usr/include/c++/4.8/valarray:587:0,
                 from /usr/include/opencv2/contrib/retina.hpp:76,
                 from /usr/include/opencv2/contrib/contrib.hpp:979,
                 from /usr/include/opencv2/opencv.hpp:59,
                 from /home/unnar/catkin_ws/src/strands_3d_mapping/metaroom_xml_parser/include/simple_xml_parser.h:18,
                 from /home/unnar/catkin_ws/src/exx_wall_extraction/src/plane_test.cpp:18:
/usr/include/c++/4.8/bits/valarray_after.h:416:5: note: template<class _Dom> std::_Expr<std::_BinClos<std::__less, std::_Constant, std::_Expr, typename _Dom::value_type, _Dom>, typename std::__fun<std::__less, typename _Dom1::value_type>::result_type> std::operator<(const typename _Dom::value_type&, const std::_Expr<_Dom1, typename _Dom1::value_type>&)
     _DEFINE_EXPR_BINARY_OPERATOR(<, __less)
     ^
/usr/include/c++/4.8/bits/valarray_after.h:416:5: note:   template argument deduction/substitution failed:
/home/unnar/catkin_ws/src/exx_wall_extraction/src/plane_test.cpp:231:31: note:   ‘std::set<std::set<int> >::iterator {aka std::_Rb_tree_const_iterator<std::set<int> >}’ is not derived from ‘const std::_Expr<_Dom1, typename _Dom1::value_type>’
         for ( ; it < sets.end(); ++it){
                               ^
In file included from /usr/include/c++/4.8/valarray:587:0,
                 from /usr/include/opencv2/contrib/retina.hpp:76,
                 from /usr/include/opencv2/contrib/contrib.hpp:979,
                 from /usr/include/opencv2/opencv.hpp:59,
                 from /home/unnar/catkin_ws/src/strands_3d_mapping/metaroom_xml_parser/include/simple_xml_parser.h:18,
                 from /home/unnar/catkin_ws/src/exx_wall_extraction/src/plane_test.cpp:18:
/usr/include/c++/4.8/bits/valarray_after.h:416:5: note: template<class _Dom> std::_Expr<std::_BinClos<std::__less, std::_Expr, std::_Constant, _Dom, typename _Dom::value_type>, typename std::__fun<std::__less, typename _Dom1::value_type>::result_type> std::operator<(const std::_Expr<_Dom1, typename _Dom1::value_type>&, const typename _Dom::value_type&)
     _DEFINE_EXPR_BINARY_OPERATOR(<, __less)
     ^
/usr/include/c++/4.8/bits/valarray_after.h:416:5: note:   template argument deduction/substitution failed:
/home/unnar/catkin_ws/src/exx_wall_extraction/src/plane_test.cpp:231:31: note:   ‘std::set<std::set<int> >::const_iterator {aka std::_Rb_tree_const_iterator<std::set<int> >}’ is not derived from ‘const std::_Expr<_Dom1, typename _Dom1::value_type>’
         for ( ; it < sets.end(); ++it){
                               ^
In file included from /usr/include/c++/4.8/valarray:587:0,
                 from /usr/include/opencv2/contrib/retina.hpp:76,
                 from /usr/include/opencv2/contrib/contrib.hpp:979,
                 from /usr/include/opencv2/opencv.hpp:59,
                 from /home/unnar/catkin_ws/src/strands_3d_mapping/metaroom_xml_parser/include/simple_xml_parser.h:18,
                 from /home/unnar/catkin_ws/src/exx_wall_extraction/src/plane_test.cpp:18:
/usr/include/c++/4.8/bits/valarray_after.h:416:5: note: template<class _Dom1, class _Dom2> std::_Expr<std::_BinClos<std::__less, std::_Expr, std::_Expr, _Dom1, _Dom2>, typename std::__fun<std::__less, typename _Dom1::value_type>::result_type> std::operator<(const std::_Expr<_Dom1, typename _Dom1::value_type>&, const std::_Expr<_Dom2, typename _Dom2::value_type>&)
     _DEFINE_EXPR_BINARY_OPERATOR(<, __less)
     ^
/usr/include/c++/4.8/bits/valarray_after.h:416:5: note:   template argument deduction/substitution failed:
/home/unnar/catkin_ws/src/exx_wall_extraction/src/plane_test.cpp:231:31: note:   ‘std::set<std::set<int> >::const_iterator {aka std::_Rb_tree_const_iterator<std::set<int> >}’ is not derived from ‘const std::_Expr<_Dom1, typename _Dom1::value_type>’
         for ( ; it < sets.end(); ++it){
                               ^
In file included from /usr/include/c++/4.8/stack:61:0,
                 from /usr/include/boost/filesystem/operations.hpp:42,
                 from /usr/include/boost/filesystem.hpp:17,
                 from /usr/include/pcl-1.7/pcl/visualization/boost.h:64,
                 from /usr/include/pcl-1.7/pcl/visualization/common/actor_map.h:48,
                 from /usr/include/pcl-1.7/pcl/visualization/pcl_visualizer.h:47,
                 from /usr/include/pcl-1.7/pcl/visualization/cloud_viewer.h:39,
                 from /home/unnar/catkin_ws/src/exx-compression/include/plane_features/plane_features.h:8,
                 from /home/unnar/catkin_ws/src/exx_wall_extraction/src/plane_test.cpp:4:
/usr/include/c++/4.8/bits/stl_stack.h:261:5: note: template<class _Tp, class _Seq> bool std::operator<(const std::stack<_Tp, _Seq>&, const std::stack<_Tp, _Seq>&)
     operator<(const stack<_Tp, _Seq>& __x, const stack<_Tp, _Seq>& __y)
     ^
/usr/include/c++/4.8/bits/stl_stack.h:261:5: note:   template argument deduction/substitution failed:
/home/unnar/catkin_ws/src/exx_wall_extraction/src/plane_test.cpp:231:31: note:   ‘std::set<std::set<int> >::const_iterator {aka std::_Rb_tree_const_iterator<std::set<int> >}’ is not derived from ‘const std::stack<_Tp, _Seq>’
         for ( ; it < sets.end(); ++it){
                               ^
In file included from /usr/include/c++/4.8/queue:64:0,
                 from /usr/include/pcl-1.7/pcl/octree/octree_pointcloud.h:48,
                 from /usr/include/pcl-1.7/pcl/octree/octree_search.h:45,
                 from /usr/include/pcl-1.7/pcl/search/octree.h:43,
                 from /usr/include/pcl-1.7/pcl/search/pcl_search.h:45,
                 from /usr/include/pcl-1.7/pcl/surface/reconstruction.h:45,
                 from /usr/include/pcl-1.7/pcl/surface/gp3.h:44,
                 from /home/unnar/catkin_ws/src/exx-compression/include/exx_compression/compression.h:7,
                 from /home/unnar/catkin_ws/src/exx_wall_extraction/src/plane_test.cpp:3:
/usr/include/c++/4.8/bits/stl_queue.h:286:5: note: template<class _Tp, class _Seq> bool std::operator<(const std::queue<_Tp, _Seq>&, const std::queue<_Tp, _Seq>&)
     operator<(const queue<_Tp, _Seq>& __x, const queue<_Tp, _Seq>& __y)
     ^
/usr/include/c++/4.8/bits/stl_queue.h:286:5: note:   template argument deduction/substitution failed:
/home/unnar/catkin_ws/src/exx_wall_extraction/src/plane_test.cpp:231:31: note:   ‘std::set<std::set<int> >::const_iterator {aka std::_Rb_tree_const_iterator<std::set<int> >}’ is not derived from ‘const std::queue<_Tp, _Seq>’
         for ( ; it < sets.end(); ++it){
                               ^
In file included from /usr/include/c++/4.8/deque:64:0,
                 from /usr/include/boost/detail/container_fwd.hpp:91,
                 from /usr/include/boost/functional/hash/extensions.hpp:17,
                 from /usr/include/boost/functional/hash/hash.hpp:529,
                 from /usr/include/boost/functional/hash.hpp:6,
                 from /usr/include/boost/unordered/unordered_map.hpp:20,
                 from /usr/include/boost/unordered_map.hpp:16,
                 from /opt/ros/indigo/include/tf/tf.h:44,
                 from /opt/ros/indigo/include/tf/transform_listener.h:38,
                 from /opt/ros/indigo/include/pcl_ros/transforms.h:43,
                 from /home/unnar/catkin_ws/src/exx_wall_extraction/src/plane_test.cpp:2:
/usr/include/c++/4.8/bits/stl_deque.h:1975:5: note: template<class _Tp, class _Alloc> bool std::operator<(const std::deque<_Tp, _Alloc>&, const std::deque<_Tp, _Alloc>&)
     operator<(const deque<_Tp, _Alloc>& __x,
     ^
/usr/include/c++/4.8/bits/stl_deque.h:1975:5: note:   template argument deduction/substitution failed:
/home/unnar/catkin_ws/src/exx_wall_extraction/src/plane_test.cpp:231:31: note:   ‘std::set<std::set<int> >::const_iterator {aka std::_Rb_tree_const_iterator<std::set<int> >}’ is not derived from ‘const std::deque<_Tp, _Alloc>’
         for ( ; it < sets.end(); ++it){
                               ^
In file included from /usr/include/c++/4.8/deque:64:0,
                 from /usr/include/boost/detail/container_fwd.hpp:91,
                 from /usr/include/boost/functional/hash/extensions.hpp:17,
                 from /usr/include/boost/functional/hash/hash.hpp:529,
                 from /usr/include/boost/functional/hash.hpp:6,
                 from /usr/include/boost/unordered/unordered_map.hpp:20,
                 from /usr/include/boost/unordered_map.hpp:16,
                 from /opt/ros/indigo/include/tf/tf.h:44,
                 from /opt/ros/indigo/include/tf/transform_listener.h:38,
                 from /opt/ros/indigo/include/pcl_ros/transforms.h:43,
                 from /home/unnar/catkin_ws/src/exx_wall_extraction/src/plane_test.cpp:2:
/usr/include/c++/4.8/bits/stl_deque.h:281:5: note: template<class _Tp, class _RefL, class _PtrL, class _RefR, class _PtrR> bool std::operator<(const std::_Deque_iterator<_Tp, _Ref, _Ptr>&, const std::_Deque_iterator<_Tp, _RefR, _PtrR>&)
     operator<(const _Deque_iterator<_Tp, _RefL, _PtrL>& __x,
     ^
/usr/include/c++/4.8/bits/stl_deque.h:281:5: note:   template argument deduction/substitution failed:
/home/unnar/catkin_ws/src/exx_wall_extraction/src/plane_test.cpp:231:31: note:   ‘std::set<std::set<int> >::const_iterator {aka std::_Rb_tree_const_iterator<std::set<int> >}’ is not derived from ‘const std::_Deque_iterator<_Tp, _Ref, _Ptr>’
         for ( ; it < sets.end(); ++it){
                               ^
In file included from /usr/include/c++/4.8/deque:64:0,
                 from /usr/include/boost/detail/container_fwd.hpp:91,
                 from /usr/include/boost/functional/hash/extensions.hpp:17,
                 from /usr/include/boost/functional/hash/hash.hpp:529,
                 from /usr/include/boost/functional/hash.hpp:6,
                 from /usr/include/boost/unordered/unordered_map.hpp:20,
                 from /usr/include/boost/unordered_map.hpp:16,
                 from /opt/ros/indigo/include/tf/tf.h:44,
                 from /opt/ros/indigo/include/tf/transform_listener.h:38,
                 from /opt/ros/indigo/include/pcl_ros/transforms.h:43,
                 from /home/unnar/catkin_ws/src/exx_wall_extraction/src/plane_test.cpp:2:
/usr/include/c++/4.8/bits/stl_deque.h:273:5: note: template<class _Tp, class _Ref, class _Ptr> bool std::operator<(const std::_Deque_iterator<_Tp, _Ref, _Ptr>&, const std::_Deque_iterator<_Tp, _Ref, _Ptr>&)
     operator<(const _Deque_iterator<_Tp, _Ref, _Ptr>& __x,
     ^
/usr/include/c++/4.8/bits/stl_deque.h:273:5: note:   template argument deduction/substitution failed:
/home/unnar/catkin_ws/src/exx_wall_extraction/src/plane_test.cpp:231:31: note:   ‘std::set<std::set<int> >::const_iterator {aka std::_Rb_tree_const_iterator<std::set<int> >}’ is not derived from ‘const std::_Deque_iterator<_Tp, _Ref, _Ptr>’
         for ( ; it < sets.end(); ++it){
                               ^
In file included from /usr/include/c++/4.8/list:63:0,
                 from /opt/ros/indigo/include/ros/forwards.h:35,
                 from /opt/ros/indigo/include/ros/common.h:37,
                 from /opt/ros/indigo/include/ros/ros.h:43,
                 from /home/unnar/catkin_ws/src/exx_wall_extraction/src/plane_test.cpp:1:
/usr/include/c++/4.8/bits/stl_list.h:1631:5: note: template<class _Tp, class _Alloc> bool std::operator<(const std::list<_Tp, _Alloc>&, const std::list<_Tp, _Alloc>&)
     operator<(const list<_Tp, _Alloc>& __x, const list<_Tp, _Alloc>& __y)
     ^
/usr/include/c++/4.8/bits/stl_list.h:1631:5: note:   template argument deduction/substitution failed:
/home/unnar/catkin_ws/src/exx_wall_extraction/src/plane_test.cpp:231:31: note:   ‘std::set<std::set<int> >::const_iterator {aka std::_Rb_tree_const_iterator<std::set<int> >}’ is not derived from ‘const std::list<_Tp, _Alloc>’
         for ( ; it < sets.end(); ++it){
                               ^
In file included from /usr/include/c++/4.8/set:62:0,
                 from /opt/ros/indigo/include/ros/forwards.h:34,
                 from /opt/ros/indigo/include/ros/common.h:37,
                 from /opt/ros/indigo/include/ros/ros.h:43,
                 from /home/unnar/catkin_ws/src/exx_wall_extraction/src/plane_test.cpp:1:
/usr/include/c++/4.8/bits/stl_multiset.h:756:5: note: template<class _Key, class _Compare, class _Alloc> bool std::operator<(const std::multiset<_Key, _Compare, _Alloc>&, const std::multiset<_Key, _Compare, _Alloc>&)
     operator<(const multiset<_Key, _Compare, _Alloc>& __x,
     ^
/usr/include/c++/4.8/bits/stl_multiset.h:756:5: note:   template argument deduction/substitution failed:
/home/unnar/catkin_ws/src/exx_wall_extraction/src/plane_test.cpp:231:31: note:   ‘std::set<std::set<int> >::const_iterator {aka std::_Rb_tree_const_iterator<std::set<int> >}’ is not derived from ‘const std::multiset<_Key, _Compare, _Alloc>’
         for ( ; it < sets.end(); ++it){
                               ^
In file included from /usr/include/c++/4.8/set:61:0,
                 from /opt/ros/indigo/include/ros/forwards.h:34,
                 from /opt/ros/indigo/include/ros/common.h:37,
                 from /opt/ros/indigo/include/ros/ros.h:43,
                 from /home/unnar/catkin_ws/src/exx_wall_extraction/src/plane_test.cpp:1:
/usr/include/c++/4.8/bits/stl_set.h:771:5: note: template<class _Key, class _Compare, class _Alloc> bool std::operator<(const std::set<_Key, _Compare, _Alloc>&, const std::set<_Key, _Compare, _Alloc>&)
     operator<(const set<_Key, _Compare, _Alloc>& __x,
     ^
/usr/include/c++/4.8/bits/stl_set.h:771:5: note:   template argument deduction/substitution failed:
/home/unnar/catkin_ws/src/exx_wall_extraction/src/plane_test.cpp:231:31: note:   ‘std::set<std::set<int> >::const_iterator {aka std::_Rb_tree_const_iterator<std::set<int> >}’ is not derived from ‘const std::set<_Key, _Compare, _Alloc>’
         for ( ; it < sets.end(); ++it){
                               ^
In file included from /usr/include/c++/4.8/map:62:0,
                 from /opt/ros/indigo/include/ros/console.h:42,
                 from /opt/ros/indigo/include/ros/ros.h:40,
                 from /home/unnar/catkin_ws/src/exx_wall_extraction/src/plane_test.cpp:1:
/usr/include/c++/4.8/bits/stl_multimap.h:881:5: note: template<class _Key, class _Tp, class _Compare, class _Alloc> bool std::operator<(const std::multimap<_Key, _Tp, _Compare, _Alloc>&, const std::multimap<_Key, _Tp, _Compare, _Alloc>&)
     operator<(const multimap<_Key, _Tp, _Compare, _Alloc>& __x,
     ^
/usr/include/c++/4.8/bits/stl_multimap.h:881:5: note:   template argument deduction/substitution failed:
/home/unnar/catkin_ws/src/exx_wall_extraction/src/plane_test.cpp:231:31: note:   ‘std::set<std::set<int> >::const_iterator {aka std::_Rb_tree_const_iterator<std::set<int> >}’ is not derived from ‘const std::multimap<_Key, _Tp, _Compare, _Alloc>’
         for ( ; it < sets.end(); ++it){
                               ^
In file included from /usr/include/c++/4.8/map:61:0,
                 from /opt/ros/indigo/include/ros/console.h:42,
                 from /opt/ros/indigo/include/ros/ros.h:40,
                 from /home/unnar/catkin_ws/src/exx_wall_extraction/src/plane_test.cpp:1:
/usr/include/c++/4.8/bits/stl_map.h:979:5: note: template<class _Key, class _Tp, class _Compare, class _Alloc> bool std::operator<(const std::map<_Key, _Tp, _Compare, _Alloc>&, const std::map<_Key, _Tp, _Compare, _Alloc>&)
     operator<(const map<_Key, _Tp, _Compare, _Alloc>& __x,
     ^
/usr/include/c++/4.8/bits/stl_map.h:979:5: note:   template argument deduction/substitution failed:
/home/unnar/catkin_ws/src/exx_wall_extraction/src/plane_test.cpp:231:31: note:   ‘std::set<std::set<int> >::const_iterator {aka std::_Rb_tree_const_iterator<std::set<int> >}’ is not derived from ‘const std::map<_Key, _Tp, _Compare, _Alloc>’
         for ( ; it < sets.end(); ++it){
                               ^
In file included from /usr/include/c++/4.8/map:60:0,
                 from /opt/ros/indigo/include/ros/console.h:42,
                 from /opt/ros/indigo/include/ros/ros.h:40,
                 from /home/unnar/catkin_ws/src/exx_wall_extraction/src/plane_test.cpp:1:
/usr/include/c++/4.8/bits/stl_tree.h:917:5: note: template<class _Key, class _Val, class _KeyOfValue, class _Compare, class _Alloc> bool std::operator<(const std::_Rb_tree<_Key, _Val, _KeyOfValue, _Compare, _Alloc>&, const std::_Rb_tree<_Key, _Val, _KeyOfValue, _Compare, _Alloc>&)
     operator<(const _Rb_tree<_Key, _Val, _KeyOfValue, _Compare, _Alloc>& __x,
     ^
/usr/include/c++/4.8/bits/stl_tree.h:917:5: note:   template argument deduction/substitution failed:
/home/unnar/catkin_ws/src/exx_wall_extraction/src/plane_test.cpp:231:31: note:   ‘std::set<std::set<int> >::const_iterator {aka std::_Rb_tree_const_iterator<std::set<int> >}’ is not derived from ‘const std::_Rb_tree<_Key, _Val, _KeyOfValue, _Compare, _Alloc>’
         for ( ; it < sets.end(); ++it){
                               ^
In file included from /usr/include/c++/4.8/memory:82:0,
                 from /usr/include/boost/config/no_tr1/memory.hpp:21,
                 from /usr/include/boost/smart_ptr/shared_ptr.hpp:27,
                 from /usr/include/boost/shared_ptr.hpp:17,
                 from /usr/include/boost/format/alt_sstream.hpp:21,
                 from /usr/include/boost/format/internals.hpp:23,
                 from /usr/include/boost/format.hpp:38,
                 from /usr/include/boost/math/policies/error_handling.hpp:31,
                 from /usr/include/boost/math/special_functions/round.hpp:14,
                 from /opt/ros/indigo/include/ros/time.h:58,
                 from /opt/ros/indigo/include/ros/ros.h:38,
                 from /home/unnar/catkin_ws/src/exx_wall_extraction/src/plane_test.cpp:1:
/usr/include/c++/4.8/bits/shared_ptr.h:373:5: note: template<class _Tp> bool std::operator<(std::nullptr_t, const std::shared_ptr<_Tp1>&)
     operator<(nullptr_t, const shared_ptr<_Tp>& __a) noexcept
     ^
/usr/include/c++/4.8/bits/shared_ptr.h:373:5: note:   template argument deduction/substitution failed:
/home/unnar/catkin_ws/src/exx_wall_extraction/src/plane_test.cpp:231:31: note:   cannot convert ‘it’ (type ‘std::set<std::set<int> >::const_iterator {aka std::_Rb_tree_const_iterator<std::set<int> >}’) to type ‘std::nullptr_t’
         for ( ; it < sets.end(); ++it){
                               ^
In file included from /usr/include/c++/4.8/memory:82:0,
                 from /usr/include/boost/config/no_tr1/memory.hpp:21,
                 from /usr/include/boost/smart_ptr/shared_ptr.hpp:27,
                 from /usr/include/boost/shared_ptr.hpp:17,
                 from /usr/include/boost/format/alt_sstream.hpp:21,
                 from /usr/include/boost/format/internals.hpp:23,
                 from /usr/include/boost/format.hpp:38,
                 from /usr/include/boost/math/policies/error_handling.hpp:31,
                 from /usr/include/boost/math/special_functions/round.hpp:14,
                 from /opt/ros/indigo/include/ros/time.h:58,
                 from /opt/ros/indigo/include/ros/ros.h:38,
                 from /home/unnar/catkin_ws/src/exx_wall_extraction/src/plane_test.cpp:1:
/usr/include/c++/4.8/bits/shared_ptr.h:368:5: note: template<class _Tp> bool std::operator<(const std::shared_ptr<_Tp1>&, std::nullptr_t)
     operator<(const shared_ptr<_Tp>& __a, nullptr_t) noexcept
     ^
/usr/include/c++/4.8/bits/shared_ptr.h:368:5: note:   template argument deduction/substitution failed:
/home/unnar/catkin_ws/src/exx_wall_extraction/src/plane_test.cpp:231:31: note:   ‘std::set<std::set<int> >::const_iterator {aka std::_Rb_tree_const_iterator<std::set<int> >}’ is not derived from ‘const std::shared_ptr<_Tp1>’
         for ( ; it < sets.end(); ++it){
                               ^
In file included from /usr/include/c++/4.8/memory:82:0,
                 from /usr/include/boost/config/no_tr1/memory.hpp:21,
                 from /usr/include/boost/smart_ptr/shared_ptr.hpp:27,
                 from /usr/include/boost/shared_ptr.hpp:17,
                 from /usr/include/boost/format/alt_sstream.hpp:21,
                 from /usr/include/boost/format/internals.hpp:23,
                 from /usr/include/boost/format.hpp:38,
                 from /usr/include/boost/math/policies/error_handling.hpp:31,
                 from /usr/include/boost/math/special_functions/round.hpp:14,
                 from /opt/ros/indigo/include/ros/time.h:58,
                 from /opt/ros/indigo/include/ros/ros.h:38,
                 from /home/unnar/catkin_ws/src/exx_wall_extraction/src/plane_test.cpp:1:
/usr/include/c++/4.8/bits/shared_ptr.h:359:5: note: template<class _Tp1, class _Tp2> bool std::operator<(const std::shared_ptr<_Tp1>&, const std::shared_ptr<_Tp2>&)
     operator<(const shared_ptr<_Tp1>& __a,
     ^
/usr/include/c++/4.8/bits/shared_ptr.h:359:5: note:   template argument deduction/substitution failed:
/home/unnar/catkin_ws/src/exx_wall_extraction/src/plane_test.cpp:231:31: note:   ‘std::set<std::set<int> >::const_iterator {aka std::_Rb_tree_const_iterator<std::set<int> >}’ is not derived from ‘const std::shared_ptr<_Tp1>’
         for ( ; it < sets.end(); ++it){
                               ^
In file included from /usr/include/c++/4.8/bits/shared_ptr.h:52:0,
                 from /usr/include/c++/4.8/memory:82,
                 from /usr/include/boost/config/no_tr1/memory.hpp:21,
                 from /usr/include/boost/smart_ptr/shared_ptr.hpp:27,
                 from /usr/include/boost/shared_ptr.hpp:17,
                 from /usr/include/boost/format/alt_sstream.hpp:21,
                 from /usr/include/boost/format/internals.hpp:23,
                 from /usr/include/boost/format.hpp:38,
                 from /usr/include/boost/math/policies/error_handling.hpp:31,
                 from /usr/include/boost/math/special_functions/round.hpp:14,
                 from /opt/ros/indigo/include/ros/time.h:58,
                 from /opt/ros/indigo/include/ros/ros.h:38,
                 from /home/unnar/catkin_ws/src/exx_wall_extraction/src/plane_test.cpp:1:
/usr/include/c++/4.8/bits/shared_ptr_base.h:1075:5: note: template<class _Tp, __gnu_cxx::_Lock_policy _Lp> bool std::operator<(std::nullptr_t, const std::__shared_ptr<_Tp, _Lp>&)
     operator<(nullptr_t, const __shared_ptr<_Tp, _Lp>& __a) noexcept
     ^
/usr/include/c++/4.8/bits/shared_ptr_base.h:1075:5: note:   template argument deduction/substitution failed:
/home/unnar/catkin_ws/src/exx_wall_extraction/src/plane_test.cpp:231:31: note:   cannot convert ‘it’ (type ‘std::set<std::set<int> >::const_iterator {aka std::_Rb_tree_const_iterator<std::set<int> >}’) to type ‘std::nullptr_t’
         for ( ; it < sets.end(); ++it){
                               ^
In file included from /usr/include/c++/4.8/bits/shared_ptr.h:52:0,
                 from /usr/include/c++/4.8/memory:82,
                 from /usr/include/boost/config/no_tr1/memory.hpp:21,
                 from /usr/include/boost/smart_ptr/shared_ptr.hpp:27,
                 from /usr/include/boost/shared_ptr.hpp:17,
                 from /usr/include/boost/format/alt_sstream.hpp:21,
                 from /usr/include/boost/format/internals.hpp:23,
                 from /usr/include/boost/format.hpp:38,
                 from /usr/include/boost/math/policies/error_handling.hpp:31,
                 from /usr/include/boost/math/special_functions/round.hpp:14,
                 from /opt/ros/indigo/include/ros/time.h:58,
                 from /opt/ros/indigo/include/ros/ros.h:38,
                 from /home/unnar/catkin_ws/src/exx_wall_extraction/src/plane_test.cpp:1:
/usr/include/c++/4.8/bits/shared_ptr_base.h:1070:5: note: template<class _Tp, __gnu_cxx::_Lock_policy _Lp> bool std::operator<(const std::__shared_ptr<_Tp, _Lp>&, std::nullptr_t)
     operator<(const __shared_ptr<_Tp, _Lp>& __a, nullptr_t) noexcept
     ^
/usr/include/c++/4.8/bits/shared_ptr_base.h:1070:5: note:   template argument deduction/substitution failed:
/home/unnar/catkin_ws/src/exx_wall_extraction/src/plane_test.cpp:231:31: note:   ‘std::set<std::set<int> >::const_iterator {aka std::_Rb_tree_const_iterator<std::set<int> >}’ is not derived from ‘const std::__shared_ptr<_Tp, _Lp>’
         for ( ; it < sets.end(); ++it){
                               ^
In file included from /usr/include/c++/4.8/bits/shared_ptr.h:52:0,
                 from /usr/include/c++/4.8/memory:82,
                 from /usr/include/boost/config/no_tr1/memory.hpp:21,
                 from /usr/include/boost/smart_ptr/shared_ptr.hpp:27,
                 from /usr/include/boost/shared_ptr.hpp:17,
                 from /usr/include/boost/format/alt_sstream.hpp:21,
                 from /usr/include/boost/format/internals.hpp:23,
                 from /usr/include/boost/format.hpp:38,
                 from /usr/include/boost/math/policies/error_handling.hpp:31,
                 from /usr/include/boost/math/special_functions/round.hpp:14,
                 from /opt/ros/indigo/include/ros/time.h:58,
                 from /opt/ros/indigo/include/ros/ros.h:38,
                 from /home/unnar/catkin_ws/src/exx_wall_extraction/src/plane_test.cpp:1:
/usr/include/c++/4.8/bits/shared_ptr_base.h:1061:5: note: template<class _Tp1, class _Tp2, __gnu_cxx::_Lock_policy _Lp> bool std::operator<(const std::__shared_ptr<_Tp1, _Lp>&, const std::__shared_ptr<_Tp2, _Lp>&)
     operator<(const __shared_ptr<_Tp1, _Lp>& __a,
     ^
/usr/include/c++/4.8/bits/shared_ptr_base.h:1061:5: note:   template argument deduction/substitution failed:
/home/unnar/catkin_ws/src/exx_wall_extraction/src/plane_test.cpp:231:31: note:   ‘std::set<std::set<int> >::const_iterator {aka std::_Rb_tree_const_iterator<std::set<int> >}’ is not derived from ‘const std::__shared_ptr<_Tp1, _Lp>’
         for ( ; it < sets.end(); ++it){
                               ^
In file included from /usr/include/c++/4.8/memory:81:0,
                 from /usr/include/boost/config/no_tr1/memory.hpp:21,
                 from /usr/include/boost/smart_ptr/shared_ptr.hpp:27,
                 from /usr/include/boost/shared_ptr.hpp:17,
                 from /usr/include/boost/format/alt_sstream.hpp:21,
                 from /usr/include/boost/format/internals.hpp:23,
                 from /usr/include/boost/format.hpp:38,
                 from /usr/include/boost/math/policies/error_handling.hpp:31,
                 from /usr/include/boost/math/special_functions/round.hpp:14,
                 from /opt/ros/indigo/include/ros/time.h:58,
                 from /opt/ros/indigo/include/ros/ros.h:38,
                 from /home/unnar/catkin_ws/src/exx_wall_extraction/src/plane_test.cpp:1:
/usr/include/c++/4.8/bits/unique_ptr.h:540:5: note: template<class _Tp, class _Dp> bool std::operator<(std::nullptr_t, const std::unique_ptr<_Tp, _Dp>&)
     operator<(nullptr_t, const unique_ptr<_Tp, _Dp>& __x)
     ^
/usr/include/c++/4.8/bits/unique_ptr.h:540:5: note:   template argument deduction/substitution failed:
/home/unnar/catkin_ws/src/exx_wall_extraction/src/plane_test.cpp:231:31: note:   cannot convert ‘it’ (type ‘std::set<std::set<int> >::const_iterator {aka std::_Rb_tree_const_iterator<std::set<int> >}’) to type ‘std::nullptr_t’
         for ( ; it < sets.end(); ++it){
                               ^
In file included from /usr/include/c++/4.8/memory:81:0,
                 from /usr/include/boost/config/no_tr1/memory.hpp:21,
                 from /usr/include/boost/smart_ptr/shared_ptr.hpp:27,
                 from /usr/include/boost/shared_ptr.hpp:17,
                 from /usr/include/boost/format/alt_sstream.hpp:21,
                 from /usr/include/boost/format/internals.hpp:23,
                 from /usr/include/boost/format.hpp:38,
                 from /usr/include/boost/math/policies/error_handling.hpp:31,
                 from /usr/include/boost/math/special_functions/round.hpp:14,
                 from /opt/ros/indigo/include/ros/time.h:58,
                 from /opt/ros/indigo/include/ros/ros.h:38,
                 from /home/unnar/catkin_ws/src/exx_wall_extraction/src/plane_test.cpp:1:
/usr/include/c++/4.8/bits/unique_ptr.h:534:5: note: template<class _Tp, class _Dp> bool std::operator<(const std::unique_ptr<_Tp, _Dp>&, std::nullptr_t)
     operator<(const unique_ptr<_Tp, _Dp>& __x, nullptr_t)
     ^
/usr/include/c++/4.8/bits/unique_ptr.h:534:5: note:   template argument deduction/substitution failed:
/home/unnar/catkin_ws/src/exx_wall_extraction/src/plane_test.cpp:231:31: note:   ‘std::set<std::set<int> >::const_iterator {aka std::_Rb_tree_const_iterator<std::set<int> >}’ is not derived from ‘const std::unique_ptr<_Tp, _Dp>’
         for ( ; it < sets.end(); ++it){
                               ^
In file included from /usr/include/c++/4.8/memory:81:0,
                 from /usr/include/boost/config/no_tr1/memory.hpp:21,
                 from /usr/include/boost/smart_ptr/shared_ptr.hpp:27,
                 from /usr/include/boost/shared_ptr.hpp:17,
                 from /usr/include/boost/format/alt_sstream.hpp:21,
                 from /usr/include/boost/format/internals.hpp:23,
                 from /usr/include/boost/format.hpp:38,
                 from /usr/include/boost/math/policies/error_handling.hpp:31,
                 from /usr/include/boost/math/special_functions/round.hpp:14,
                 from /opt/ros/indigo/include/ros/time.h:58,
                 from /opt/ros/indigo/include/ros/ros.h:38,
                 from /home/unnar/catkin_ws/src/exx_wall_extraction/src/plane_test.cpp:1:
/usr/include/c++/4.8/bits/unique_ptr.h:523:5: note: template<class _Tp, class _Dp, class _Up, class _Ep> bool std::operator<(const std::unique_ptr<_Tp, _Dp>&, const std::unique_ptr<_Up, _Ep>&)
     operator<(const unique_ptr<_Tp, _Dp>& __x,
     ^
/usr/include/c++/4.8/bits/unique_ptr.h:523:5: note:   template argument deduction/substitution failed:
/home/unnar/catkin_ws/src/exx_wall_extraction/src/plane_test.cpp:231:31: note:   ‘std::set<std::set<int> >::const_iterator {aka std::_Rb_tree_const_iterator<std::set<int> >}’ is not derived from ‘const std::unique_ptr<_Tp, _Dp>’
         for ( ; it < sets.end(); ++it){
                               ^
In file included from /usr/include/c++/4.8/functional:55:0,
                 from /usr/include/c++/4.8/bits/stl_algo.h:66,
                 from /usr/include/c++/4.8/algorithm:62,
                 from /usr/include/boost/math/tools/config.hpp:16,
                 from /usr/include/boost/math/special_functions/round.hpp:13,
                 from /opt/ros/indigo/include/ros/time.h:58,
                 from /opt/ros/indigo/include/ros/ros.h:38,
                 from /home/unnar/catkin_ws/src/exx_wall_extraction/src/plane_test.cpp:1:
/usr/include/c++/4.8/tuple:822:5: note: template<class ... _TElements, class ... _UElements> constexpr bool std::operator<(const std::tuple<_Elements ...>&, const std::tuple<_Elements ...>&)
     operator<(const tuple<_TElements...>& __t,
     ^
/usr/include/c++/4.8/tuple:822:5: note:   template argument deduction/substitution failed:
/home/unnar/catkin_ws/src/exx_wall_extraction/src/plane_test.cpp:231:31: note:   ‘std::set<std::set<int> >::const_iterator {aka std::_Rb_tree_const_iterator<std::set<int> >}’ is not derived from ‘const std::tuple<_Elements ...>’
         for ( ; it < sets.end(); ++it){
                               ^
In file included from /usr/include/c++/4.8/tuple:39:0,
                 from /usr/include/c++/4.8/functional:55,
                 from /usr/include/c++/4.8/bits/stl_algo.h:66,
                 from /usr/include/c++/4.8/algorithm:62,
                 from /usr/include/boost/math/tools/config.hpp:16,
                 from /usr/include/boost/math/special_functions/round.hpp:13,
                 from /opt/ros/indigo/include/ros/time.h:58,
                 from /opt/ros/indigo/include/ros/ros.h:38,
                 from /home/unnar/catkin_ws/src/exx_wall_extraction/src/plane_test.cpp:1:
/usr/include/c++/4.8/array:238:5: note: template<class _Tp, long unsigned int _Nm> bool std::operator<(const std::array<_Tp, _Nm>&, const std::array<_Tp, _Nm>&)
     operator<(const array<_Tp, _Nm>& __a, const array<_Tp, _Nm>& __b)
     ^
/usr/include/c++/4.8/array:238:5: note:   template argument deduction/substitution failed:
/home/unnar/catkin_ws/src/exx_wall_extraction/src/plane_test.cpp:231:31: note:   ‘std::set<std::set<int> >::const_iterator {aka std::_Rb_tree_const_iterator<std::set<int> >}’ is not derived from ‘const std::array<_Tp, _Nm>’
         for ( ; it < sets.end(); ++it){
                               ^
In file included from /usr/include/c++/4.8/vector:64:0,
                 from /usr/include/c++/4.8/bits/random.h:34,
                 from /usr/include/c++/4.8/random:50,
                 from /usr/include/c++/4.8/bits/stl_algo.h:65,
                 from /usr/include/c++/4.8/algorithm:62,
                 from /usr/include/boost/math/tools/config.hpp:16,
                 from /usr/include/boost/math/special_functions/round.hpp:13,
                 from /opt/ros/indigo/include/ros/time.h:58,
                 from /opt/ros/indigo/include/ros/ros.h:38,
                 from /home/unnar/catkin_ws/src/exx_wall_extraction/src/plane_test.cpp:1:
/usr/include/c++/4.8/bits/stl_vector.h:1421:5: note: template<class _Tp, class _Alloc> bool std::operator<(const std::vector<_Tp, _Alloc>&, const std::vector<_Tp, _Alloc>&)
     operator<(const vector<_Tp, _Alloc>& __x, const vector<_Tp, _Alloc>& __y)
     ^
/usr/include/c++/4.8/bits/stl_vector.h:1421:5: note:   template argument deduction/substitution failed:
/home/unnar/catkin_ws/src/exx_wall_extraction/src/plane_test.cpp:231:31: note:   ‘std::set<std::set<int> >::const_iterator {aka std::_Rb_tree_const_iterator<std::set<int> >}’ is not derived from ‘const std::vector<_Tp, _Alloc>’
         for ( ; it < sets.end(); ++it){
                               ^
In file included from /usr/include/c++/4.8/string:52:0,
                 from /opt/ros/indigo/include/ros/platform.h:55,
                 from /opt/ros/indigo/include/ros/time.h:53,
                 from /opt/ros/indigo/include/ros/ros.h:38,
                 from /home/unnar/catkin_ws/src/exx_wall_extraction/src/plane_test.cpp:1:
/usr/include/c++/4.8/bits/basic_string.h:2593:5: note: template<class _CharT, class _Traits, class _Alloc> bool std::operator<(const _CharT*, const std::basic_string<_CharT, _Traits, _Alloc>&)
     operator<(const _CharT* __lhs,
     ^
/usr/include/c++/4.8/bits/basic_string.h:2593:5: note:   template argument deduction/substitution failed:
/home/unnar/catkin_ws/src/exx_wall_extraction/src/plane_test.cpp:231:31: note:   mismatched types ‘const _CharT*’ and ‘std::_Rb_tree_const_iterator<std::set<int> >’
         for ( ; it < sets.end(); ++it){
                               ^
In file included from /usr/include/c++/4.8/string:52:0,
                 from /opt/ros/indigo/include/ros/platform.h:55,
                 from /opt/ros/indigo/include/ros/time.h:53,
                 from /opt/ros/indigo/include/ros/ros.h:38,
                 from /home/unnar/catkin_ws/src/exx_wall_extraction/src/plane_test.cpp:1:
/usr/include/c++/4.8/bits/basic_string.h:2581:5: note: template<class _CharT, class _Traits, class _Alloc> bool std::operator<(const std::basic_string<_CharT, _Traits, _Alloc>&, const _CharT*)
     operator<(const basic_string<_CharT, _Traits, _Alloc>& __lhs,
     ^
/usr/include/c++/4.8/bits/basic_string.h:2581:5: note:   template argument deduction/substitution failed:
/home/unnar/catkin_ws/src/exx_wall_extraction/src/plane_test.cpp:231:31: note:   ‘std::set<std::set<int> >::const_iterator {aka std::_Rb_tree_const_iterator<std::set<int> >}’ is not derived from ‘const std::basic_string<_CharT, _Traits, _Alloc>’
         for ( ; it < sets.end(); ++it){
                               ^
In file included from /usr/include/c++/4.8/string:52:0,
                 from /opt/ros/indigo/include/ros/platform.h:55,
                 from /opt/ros/indigo/include/ros/time.h:53,
                 from /opt/ros/indigo/include/ros/ros.h:38,
                 from /home/unnar/catkin_ws/src/exx_wall_extraction/src/plane_test.cpp:1:
/usr/include/c++/4.8/bits/basic_string.h:2569:5: note: template<class _CharT, class _Traits, class _Alloc> bool std::operator<(const std::basic_string<_CharT, _Traits, _Alloc>&, const std::basic_string<_CharT, _Traits, _Alloc>&)
     operator<(const basic_string<_CharT, _Traits, _Alloc>& __lhs,
     ^
/usr/include/c++/4.8/bits/basic_string.h:2569:5: note:   template argument deduction/substitution failed:
/home/unnar/catkin_ws/src/exx_wall_extraction/src/plane_test.cpp:231:31: note:   ‘std::set<std::set<int> >::const_iterator {aka std::_Rb_tree_const_iterator<std::set<int> >}’ is not derived from ‘const std::basic_string<_CharT, _Traits, _Alloc>’
         for ( ; it < sets.end(); ++it){
                               ^
In file included from /usr/include/c++/4.8/bits/stl_algobase.h:67:0,
                 from /usr/include/c++/4.8/bits/char_traits.h:39,
                 from /usr/include/c++/4.8/string:40,
                 from /opt/ros/indigo/include/ros/platform.h:55,
                 from /opt/ros/indigo/include/ros/time.h:53,
                 from /opt/ros/indigo/include/ros/ros.h:38,
                 from /home/unnar/catkin_ws/src/exx_wall_extraction/src/plane_test.cpp:1:
/usr/include/c++/4.8/bits/stl_iterator.h:1061:5: note: template<class _Iterator> bool std::operator<(const std::move_iterator<_Iterator>&, const std::move_iterator<_Iterator>&)
     operator<(const move_iterator<_Iterator>& __x,
     ^
/usr/include/c++/4.8/bits/stl_iterator.h:1061:5: note:   template argument deduction/substitution failed:
/home/unnar/catkin_ws/src/exx_wall_extraction/src/plane_test.cpp:231:31: note:   ‘std::set<std::set<int> >::const_iterator {aka std::_Rb_tree_const_iterator<std::set<int> >}’ is not derived from ‘const std::move_iterator<_Iterator>’
         for ( ; it < sets.end(); ++it){
                               ^
In file included from /usr/include/c++/4.8/bits/stl_algobase.h:67:0,
                 from /usr/include/c++/4.8/bits/char_traits.h:39,
                 from /usr/include/c++/4.8/string:40,
                 from /opt/ros/indigo/include/ros/platform.h:55,
                 from /opt/ros/indigo/include/ros/time.h:53,
                 from /opt/ros/indigo/include/ros/ros.h:38,
                 from /home/unnar/catkin_ws/src/exx_wall_extraction/src/plane_test.cpp:1:
/usr/include/c++/4.8/bits/stl_iterator.h:1055:5: note: template<class _IteratorL, class _IteratorR> bool std::operator<(const std::move_iterator<_Iterator>&, const std::move_iterator<_IteratorR>&)
     operator<(const move_iterator<_IteratorL>& __x,
     ^
/usr/include/c++/4.8/bits/stl_iterator.h:1055:5: note:   template argument deduction/substitution failed:
/home/unnar/catkin_ws/src/exx_wall_extraction/src/plane_test.cpp:231:31: note:   ‘std::set<std::set<int> >::const_iterator {aka std::_Rb_tree_const_iterator<std::set<int> >}’ is not derived from ‘const std::move_iterator<_Iterator>’
         for ( ; it < sets.end(); ++it){
                               ^
In file included from /usr/include/c++/4.8/bits/stl_algobase.h:67:0,
                 from /usr/include/c++/4.8/bits/char_traits.h:39,
                 from /usr/include/c++/4.8/string:40,
                 from /opt/ros/indigo/include/ros/platform.h:55,
                 from /opt/ros/indigo/include/ros/time.h:53,
                 from /opt/ros/indigo/include/ros/ros.h:38,
                 from /home/unnar/catkin_ws/src/exx_wall_extraction/src/plane_test.cpp:1:
/usr/include/c++/4.8/bits/stl_iterator.h:347:5: note: template<class _IteratorL, class _IteratorR> bool std::operator<(const std::reverse_iterator<_Iterator>&, const std::reverse_iterator<_IteratorR>&)
     operator<(const reverse_iterator<_IteratorL>& __x,
     ^
/usr/include/c++/4.8/bits/stl_iterator.h:347:5: note:   template argument deduction/substitution failed:
/home/unnar/catkin_ws/src/exx_wall_extraction/src/plane_test.cpp:231:31: note:   ‘std::set<std::set<int> >::const_iterator {aka std::_Rb_tree_const_iterator<std::set<int> >}’ is not derived from ‘const std::reverse_iterator<_Iterator>’
         for ( ; it < sets.end(); ++it){
                               ^
In file included from /usr/include/c++/4.8/bits/stl_algobase.h:67:0,
                 from /usr/include/c++/4.8/bits/char_traits.h:39,
                 from /usr/include/c++/4.8/string:40,
                 from /opt/ros/indigo/include/ros/platform.h:55,
                 from /opt/ros/indigo/include/ros/time.h:53,
                 from /opt/ros/indigo/include/ros/ros.h:38,
                 from /home/unnar/catkin_ws/src/exx_wall_extraction/src/plane_test.cpp:1:
/usr/include/c++/4.8/bits/stl_iterator.h:297:5: note: template<class _Iterator> bool std::operator<(const std::reverse_iterator<_Iterator>&, const std::reverse_iterator<_Iterator>&)
     operator<(const reverse_iterator<_Iterator>& __x,
     ^
/usr/include/c++/4.8/bits/stl_iterator.h:297:5: note:   template argument deduction/substitution failed:
/home/unnar/catkin_ws/src/exx_wall_extraction/src/plane_test.cpp:231:31: note:   ‘std::set<std::set<int> >::const_iterator {aka std::_Rb_tree_const_iterator<std::set<int> >}’ is not derived from ‘const std::reverse_iterator<_Iterator>’
         for ( ; it < sets.end(); ++it){
                               ^
In file included from /usr/include/c++/4.8/bits/stl_algobase.h:64:0,
                 from /usr/include/c++/4.8/bits/char_traits.h:39,
                 from /usr/include/c++/4.8/string:40,
                 from /opt/ros/indigo/include/ros/platform.h:55,
                 from /opt/ros/indigo/include/ros/time.h:53,
                 from /opt/ros/indigo/include/ros/ros.h:38,
                 from /home/unnar/catkin_ws/src/exx_wall_extraction/src/plane_test.cpp:1:
/usr/include/c++/4.8/bits/stl_pair.h:220:5: note: template<class _T1, class _T2> constexpr bool std::operator<(const std::pair<_T1, _T2>&, const std::pair<_T1, _T2>&)
     operator<(const pair<_T1, _T2>& __x, const pair<_T1, _T2>& __y)
     ^
/usr/include/c++/4.8/bits/stl_pair.h:220:5: note:   template argument deduction/substitution failed:
/home/unnar/catkin_ws/src/exx_wall_extraction/src/plane_test.cpp:231:31: note:   ‘std::set<std::set<int> >::const_iterator {aka std::_Rb_tree_const_iterator<std::set<int> >}’ is not derived from ‘const std::pair<_T1, _T2>’
         for ( ; it < sets.end(); ++it){
                               ^
In file included from /usr/include/boost/algorithm/string/std/slist_traits.hpp:16:0,
                 from /usr/include/boost/algorithm/string/std_containers_traits.hpp:23,
                 from /usr/include/boost/algorithm/string.hpp:18,
                 from /usr/include/pcl-1.7/pcl/visualization/boost.h:54,
                 from /usr/include/pcl-1.7/pcl/visualization/common/actor_map.h:48,
                 from /usr/include/pcl-1.7/pcl/visualization/pcl_visualizer.h:47,
                 from /usr/include/pcl-1.7/pcl/visualization/cloud_viewer.h:39,
                 from /home/unnar/catkin_ws/src/exx-compression/include/plane_features/plane_features.h:8,
                 from /home/unnar/catkin_ws/src/exx_wall_extraction/src/plane_test.cpp:4:
/usr/include/c++/4.8/ext/slist:812:5: note: template<class _Tp, class _Alloc> bool __gnu_cxx::operator<(const __gnu_cxx::slist<_Tp, _Alloc>&, const __gnu_cxx::slist<_Tp, _Alloc>&)
     operator<(const slist<_Tp, _Alloc>& _SL1, const slist<_Tp, _Alloc>& _SL2)
     ^
/usr/include/c++/4.8/ext/slist:812:5: note:   template argument deduction/substitution failed:
/home/unnar/catkin_ws/src/exx_wall_extraction/src/plane_test.cpp:231:31: note:   ‘std::set<std::set<int> >::const_iterator {aka std::_Rb_tree_const_iterator<std::set<int> >}’ is not derived from ‘const __gnu_cxx::slist<_Tp, _Alloc>’
         for ( ; it < sets.end(); ++it){
                               ^
In file included from /usr/include/c++/4.8/bits/stl_algobase.h:67:0,
                 from /usr/include/c++/4.8/bits/char_traits.h:39,
                 from /usr/include/c++/4.8/string:40,
                 from /opt/ros/indigo/include/ros/platform.h:55,
                 from /opt/ros/indigo/include/ros/time.h:53,
                 from /opt/ros/indigo/include/ros/ros.h:38,
                 from /home/unnar/catkin_ws/src/exx_wall_extraction/src/plane_test.cpp:1:
/usr/include/c++/4.8/bits/stl_iterator.h:836:5: note: template<class _Iterator, class _Container> bool __gnu_cxx::operator<(const __gnu_cxx::__normal_iterator<_Iterator, _Container>&, const __gnu_cxx::__normal_iterator<_Iterator, _Container>&)
     operator<(const __normal_iterator<_Iterator, _Container>& __lhs,
     ^
/usr/include/c++/4.8/bits/stl_iterator.h:836:5: note:   template argument deduction/substitution failed:
/home/unnar/catkin_ws/src/exx_wall_extraction/src/plane_test.cpp:231:31: note:   ‘std::set<std::set<int> >::const_iterator {aka std::_Rb_tree_const_iterator<std::set<int> >}’ is not derived from ‘const __gnu_cxx::__normal_iterator<_Iterator, _Container>’
         for ( ; it < sets.end(); ++it){
                               ^
In file included from /usr/include/c++/4.8/bits/stl_algobase.h:67:0,
                 from /usr/include/c++/4.8/bits/char_traits.h:39,
                 from /usr/include/c++/4.8/string:40,
                 from /opt/ros/indigo/include/ros/platform.h:55,
                 from /opt/ros/indigo/include/ros/time.h:53,
                 from /opt/ros/indigo/include/ros/ros.h:38,
                 from /home/unnar/catkin_ws/src/exx_wall_extraction/src/plane_test.cpp:1:
/usr/include/c++/4.8/bits/stl_iterator.h:830:5: note: template<class _IteratorL, class _IteratorR, class _Container> bool __gnu_cxx::operator<(const __gnu_cxx::__normal_iterator<_IteratorL, _Container>&, const __gnu_cxx::__normal_iterator<_IteratorR, _Container>&)
     operator<(const __normal_iterator<_IteratorL, _Container>& __lhs,
     ^
/usr/include/c++/4.8/bits/stl_iterator.h:830:5: note:   template argument deduction/substitution failed:
/home/unnar/catkin_ws/src/exx_wall_extraction/src/plane_test.cpp:231:31: note:   ‘std::set<std::set<int> >::const_iterator {aka std::_Rb_tree_const_iterator<std::set<int> >}’ is not derived from ‘const __gnu_cxx::__normal_iterator<_IteratorL, _Container>’
         for ( ; it < sets.end(); ++it){
                               ^
/home/unnar/catkin_ws/src/exx_wall_extraction/src/plane_test.cpp:236:27: error: no match for ‘operator+’ (operand types are ‘std::set<std::set<int> >::const_iterator {aka std::_Rb_tree_const_iterator<std::set<int> >}’ and ‘int’)
             for ( ite = it+1; ite < sets.end(); ++ite){
                           ^
/home/unnar/catkin_ws/src/exx_wall_extraction/src/plane_test.cpp:236:27: note: candidates are:
In file included from /usr/include/c++/4.8/bits/stl_algobase.h:67:0,
                 from /usr/include/c++/4.8/bits/char_traits.h:39,
                 from /usr/include/c++/4.8/string:40,
                 from /opt/ros/indigo/include/ros/platform.h:55,
                 from /opt/ros/indigo/include/ros/time.h:53,
                 from /opt/ros/indigo/include/ros/ros.h:38,
                 from /home/unnar/catkin_ws/src/exx_wall_extraction/src/plane_test.cpp:1:
/usr/include/c++/4.8/bits/stl_iterator.h:333:5: note: template<class _Iterator> std::reverse_iterator<_Iterator> std::operator+(typename std::reverse_iterator<_Iterator>::difference_type, const std::reverse_iterator<_Iterator>&)
     operator+(typename reverse_iterator<_Iterator>::difference_type __n,
     ^
/usr/include/c++/4.8/bits/stl_iterator.h:333:5: note:   template argument deduction/substitution failed:
/home/unnar/catkin_ws/src/exx_wall_extraction/src/plane_test.cpp:236:28: note:   mismatched types ‘const std::reverse_iterator<_Iterator>’ and ‘int’
             for ( ite = it+1; ite < sets.end(); ++ite){
                            ^
In file included from /usr/include/c++/4.8/bits/stl_algobase.h:67:0,
                 from /usr/include/c++/4.8/bits/char_traits.h:39,
                 from /usr/include/c++/4.8/string:40,
                 from /opt/ros/indigo/include/ros/platform.h:55,
                 from /opt/ros/indigo/include/ros/time.h:53,
                 from /opt/ros/indigo/include/ros/ros.h:38,
                 from /home/unnar/catkin_ws/src/exx_wall_extraction/src/plane_test.cpp:1:
/usr/include/c++/4.8/bits/stl_iterator.h:1118:5: note: template<class _Iterator> std::move_iterator<_Iterator> std::operator+(typename std::move_iterator<_Iterator>::difference_type, const std::move_iterator<_Iterator>&)
     operator+(typename move_iterator<_Iterator>::difference_type __n,
     ^
/usr/include/c++/4.8/bits/stl_iterator.h:1118:5: note:   template argument deduction/substitution failed:
/home/unnar/catkin_ws/src/exx_wall_extraction/src/plane_test.cpp:236:28: note:   mismatched types ‘const std::move_iterator<_Iterator>’ and ‘int’
             for ( ite = it+1; ite < sets.end(); ++ite){
                            ^
In file included from /usr/include/c++/4.8/string:52:0,
                 from /opt/ros/indigo/include/ros/platform.h:55,
                 from /opt/ros/indigo/include/ros/time.h:53,
                 from /opt/ros/indigo/include/ros/ros.h:38,
                 from /home/unnar/catkin_ws/src/exx_wall_extraction/src/plane_test.cpp:1:
/usr/include/c++/4.8/bits/basic_string.h:2365:5: note: template<class _CharT, class _Traits, class _Alloc> std::basic_string<_CharT, _Traits, _Alloc> std::operator+(const std::basic_string<_CharT, _Traits, _Alloc>&, const std::basic_string<_CharT, _Traits, _Alloc>&)
     operator+(const basic_string<_CharT, _Traits, _Alloc>& __lhs,
     ^
/usr/include/c++/4.8/bits/basic_string.h:2365:5: note:   template argument deduction/substitution failed:
/home/unnar/catkin_ws/src/exx_wall_extraction/src/plane_test.cpp:236:28: note:   ‘std::set<std::set<int> >::const_iterator {aka std::_Rb_tree_const_iterator<std::set<int> >}’ is not derived from ‘const std::basic_string<_CharT, _Traits, _Alloc>’
             for ( ite = it+1; ite < sets.end(); ++ite){
                            ^
In file included from /usr/include/c++/4.8/string:53:0,
                 from /opt/ros/indigo/include/ros/platform.h:55,
                 from /opt/ros/indigo/include/ros/time.h:53,
                 from /opt/ros/indigo/include/ros/ros.h:38,
                 from /home/unnar/catkin_ws/src/exx_wall_extraction/src/plane_test.cpp:1:
/usr/include/c++/4.8/bits/basic_string.tcc:692:5: note: template<class _CharT, class _Traits, class _Alloc> std::basic_string<_CharT, _Traits, _Alloc> std::operator+(const _CharT*, const std::basic_string<_CharT, _Traits, _Alloc>&)
     operator+(const _CharT* __lhs,
     ^
/usr/include/c++/4.8/bits/basic_string.tcc:692:5: note:   template argument deduction/substitution failed:
/home/unnar/catkin_ws/src/exx_wall_extraction/src/plane_test.cpp:236:28: note:   mismatched types ‘const _CharT*’ and ‘std::_Rb_tree_const_iterator<std::set<int> >’
             for ( ite = it+1; ite < sets.end(); ++ite){
                            ^
In file included from /usr/include/c++/4.8/string:53:0,
                 from /opt/ros/indigo/include/ros/platform.h:55,
                 from /opt/ros/indigo/include/ros/time.h:53,
                 from /opt/ros/indigo/include/ros/ros.h:38,
                 from /home/unnar/catkin_ws/src/exx_wall_extraction/src/plane_test.cpp:1:
/usr/include/c++/4.8/bits/basic_string.tcc:708:5: note: template<class _CharT, class _Traits, class _Alloc> std::basic_string<_CharT, _Traits, _Alloc> std::operator+(_CharT, const std::basic_string<_CharT, _Traits, _Alloc>&)
     operator+(_CharT __lhs, const basic_string<_CharT, _Traits, _Alloc>& __rhs)
     ^
/usr/include/c++/4.8/bits/basic_string.tcc:708:5: note:   template argument deduction/substitution failed:
/home/unnar/catkin_ws/src/exx_wall_extraction/src/plane_test.cpp:236:28: note:   mismatched types ‘const std::basic_string<_CharT, _Traits, _Alloc>’ and ‘int’
             for ( ite = it+1; ite < sets.end(); ++ite){
                            ^
In file included from /usr/include/c++/4.8/string:52:0,
                 from /opt/ros/indigo/include/ros/platform.h:55,
                 from /opt/ros/indigo/include/ros/time.h:53,
                 from /opt/ros/indigo/include/ros/ros.h:38,
                 from /home/unnar/catkin_ws/src/exx_wall_extraction/src/plane_test.cpp:1:
/usr/include/c++/4.8/bits/basic_string.h:2402:5: note: template<class _CharT, class _Traits, class _Alloc> std::basic_string<_CharT, _Traits, _Alloc> std::operator+(const std::basic_string<_CharT, _Traits, _Alloc>&, const _CharT*)
     operator+(const basic_string<_CharT, _Traits, _Alloc>& __lhs,
     ^
/usr/include/c++/4.8/bits/basic_string.h:2402:5: note:   template argument deduction/substitution failed:
/home/unnar/catkin_ws/src/exx_wall_extraction/src/plane_test.cpp:236:28: note:   ‘std::set<std::set<int> >::const_iterator {aka std::_Rb_tree_const_iterator<std::set<int> >}’ is not derived from ‘const std::basic_string<_CharT, _Traits, _Alloc>’
             for ( ite = it+1; ite < sets.end(); ++ite){
                            ^
In file included from /usr/include/c++/4.8/string:52:0,
                 from /opt/ros/indigo/include/ros/platform.h:55,
                 from /opt/ros/indigo/include/ros/time.h:53,
                 from /opt/ros/indigo/include/ros/ros.h:38,
                 from /home/unnar/catkin_ws/src/exx_wall_extraction/src/plane_test.cpp:1:
/usr/include/c++/4.8/bits/basic_string.h:2418:5: note: template<class _CharT, class _Traits, class _Alloc> std::basic_string<_CharT, _Traits, _Alloc> std::operator+(const std::basic_string<_CharT, _Traits, _Alloc>&, _CharT)
     operator+(const basic_string<_CharT, _Traits, _Alloc>& __lhs, _CharT __rhs)
     ^
/usr/include/c++/4.8/bits/basic_string.h:2418:5: note:   template argument deduction/substitution failed:
/home/unnar/catkin_ws/src/exx_wall_extraction/src/plane_test.cpp:236:28: note:   ‘std::set<std::set<int> >::const_iterator {aka std::_Rb_tree_const_iterator<std::set<int> >}’ is not derived from ‘const std::basic_string<_CharT, _Traits, _Alloc>’
             for ( ite = it+1; ite < sets.end(); ++ite){
                            ^
In file included from /usr/include/c++/4.8/string:52:0,
                 from /opt/ros/indigo/include/ros/platform.h:55,
                 from /opt/ros/indigo/include/ros/time.h:53,
                 from /opt/ros/indigo/include/ros/ros.h:38,
                 from /home/unnar/catkin_ws/src/exx_wall_extraction/src/plane_test.cpp:1:
/usr/include/c++/4.8/bits/basic_string.h:2430:5: note: template<class _CharT, class _Traits, class _Alloc> std::basic_string<_CharT, _Traits, _Alloc> std::operator+(std::basic_string<_CharT, _Traits, _Alloc>&&, const std::basic_string<_CharT, _Traits, _Alloc>&)
     operator+(basic_string<_CharT, _Traits, _Alloc>&& __lhs,
     ^
/usr/include/c++/4.8/bits/basic_string.h:2430:5: note:   template argument deduction/substitution failed:
/home/unnar/catkin_ws/src/exx_wall_extraction/src/plane_test.cpp:236:28: note:   ‘std::set<std::set<int> >::const_iterator {aka std::_Rb_tree_const_iterator<std::set<int> >}’ is not derived from ‘std::basic_string<_CharT, _Traits, _Alloc>’
             for ( ite = it+1; ite < sets.end(); ++ite){
                            ^
In file included from /usr/include/c++/4.8/string:52:0,
                 from /opt/ros/indigo/include/ros/platform.h:55,
                 from /opt/ros/indigo/include/ros/time.h:53,
                 from /opt/ros/indigo/include/ros/ros.h:38,
                 from /home/unnar/catkin_ws/src/exx_wall_extraction/src/plane_test.cpp:1:
/usr/include/c++/4.8/bits/basic_string.h:2436:5: note: template<class _CharT, class _Traits, class _Alloc> std::basic_string<_CharT, _Traits, _Alloc> std::operator+(const std::basic_string<_CharT, _Traits, _Alloc>&, std::basic_string<_CharT, _Traits, _Alloc>&&)
     operator+(const basic_string<_CharT, _Traits, _Alloc>& __lhs,
     ^
/usr/include/c++/4.8/bits/basic_string.h:2436:5: note:   template argument deduction/substitution failed:
/home/unnar/catkin_ws/src/exx_wall_extraction/src/plane_test.cpp:236:28: note:   ‘std::set<std::set<int> >::const_iterator {aka std::_Rb_tree_const_iterator<std::set<int> >}’ is not derived from ‘const std::basic_string<_CharT, _Traits, _Alloc>’
             for ( ite = it+1; ite < sets.end(); ++ite){
                            ^
In file included from /usr/include/c++/4.8/string:52:0,
                 from /opt/ros/indigo/include/ros/platform.h:55,
                 from /opt/ros/indigo/include/ros/time.h:53,
                 from /opt/ros/indigo/include/ros/ros.h:38,
                 from /home/unnar/catkin_ws/src/exx_wall_extraction/src/plane_test.cpp:1:
/usr/include/c++/4.8/bits/basic_string.h:2442:5: note: template<class _CharT, class _Traits, class _Alloc> std::basic_string<_CharT, _Traits, _Alloc> std::operator+(std::basic_string<_CharT, _Traits, _Alloc>&&, std::basic_string<_CharT, _Traits, _Alloc>&&)
     operator+(basic_string<_CharT, _Traits, _Alloc>&& __lhs,
     ^
/usr/include/c++/4.8/bits/basic_string.h:2442:5: note:   template argument deduction/substitution failed:
/home/unnar/catkin_ws/src/exx_wall_extraction/src/plane_test.cpp:236:28: note:   ‘std::set<std::set<int> >::const_iterator {aka std::_Rb_tree_const_iterator<std::set<int> >}’ is not derived from ‘std::basic_string<_CharT, _Traits, _Alloc>’
             for ( ite = it+1; ite < sets.end(); ++ite){
                            ^
In file included from /usr/include/c++/4.8/string:52:0,
                 from /opt/ros/indigo/include/ros/platform.h:55,
                 from /opt/ros/indigo/include/ros/time.h:53,
                 from /opt/ros/indigo/include/ros/ros.h:38,
                 from /home/unnar/catkin_ws/src/exx_wall_extraction/src/plane_test.cpp:1:
/usr/include/c++/4.8/bits/basic_string.h:2454:5: note: template<class _CharT, class _Traits, class _Alloc> std::basic_string<_CharT, _Traits, _Alloc> std::operator+(const _CharT*, std::basic_string<_CharT, _Traits, _Alloc>&&)
     operator+(const _CharT* __lhs,
     ^
/usr/include/c++/4.8/bits/basic_string.h:2454:5: note:   template argument deduction/substitution failed:
/home/unnar/catkin_ws/src/exx_wall_extraction/src/plane_test.cpp:236:28: note:   mismatched types ‘const _CharT*’ and ‘std::_Rb_tree_const_iterator<std::set<int> >’
             for ( ite = it+1; ite < sets.end(); ++ite){
                            ^
In file included from /usr/include/c++/4.8/string:52:0,
                 from /opt/ros/indigo/include/ros/platform.h:55,
                 from /opt/ros/indigo/include/ros/time.h:53,
                 from /opt/ros/indigo/include/ros/ros.h:38,
                 from /home/unnar/catkin_ws/src/exx_wall_extraction/src/plane_test.cpp:1:
/usr/include/c++/4.8/bits/basic_string.h:2460:5: note: template<class _CharT, class _Traits, class _Alloc> std::basic_string<_CharT, _Traits, _Alloc> std::operator+(_CharT, std::basic_string<_CharT, _Traits, _Alloc>&&)
     operator+(_CharT __lhs,
     ^
/usr/include/c++/4.8/bits/basic_string.h:2460:5: note:   template argument deduction/substitution failed:
/home/unnar/catkin_ws/src/exx_wall_extraction/src/plane_test.cpp:236:28: note:   mismatched types ‘std::basic_string<_CharT, _Traits, _Alloc>’ and ‘int’
             for ( ite = it+1; ite < sets.end(); ++ite){
                            ^
In file included from /usr/include/c++/4.8/string:52:0,
                 from /opt/ros/indigo/include/ros/platform.h:55,
                 from /opt/ros/indigo/include/ros/time.h:53,
                 from /opt/ros/indigo/include/ros/ros.h:38,
                 from /home/unnar/catkin_ws/src/exx_wall_extraction/src/plane_test.cpp:1:
/usr/include/c++/4.8/bits/basic_string.h:2466:5: note: template<class _CharT, class _Traits, class _Alloc> std::basic_string<_CharT, _Traits, _Alloc> std::operator+(std::basic_string<_CharT, _Traits, _Alloc>&&, const _CharT*)
     operator+(basic_string<_CharT, _Traits, _Alloc>&& __lhs,
     ^
/usr/include/c++/4.8/bits/basic_string.h:2466:5: note:   template argument deduction/substitution failed:
/home/unnar/catkin_ws/src/exx_wall_extraction/src/plane_test.cpp:236:28: note:   ‘std::set<std::set<int> >::const_iterator {aka std::_Rb_tree_const_iterator<std::set<int> >}’ is not derived from ‘std::basic_string<_CharT, _Traits, _Alloc>’
             for ( ite = it+1; ite < sets.end(); ++ite){
                            ^
In file included from /usr/include/c++/4.8/string:52:0,
                 from /opt/ros/indigo/include/ros/platform.h:55,
                 from /opt/ros/indigo/include/ros/time.h:53,
                 from /opt/ros/indigo/include/ros/ros.h:38,
                 from /home/unnar/catkin_ws/src/exx_wall_extraction/src/plane_test.cpp:1:
/usr/include/c++/4.8/bits/basic_string.h:2472:5: note: template<class _CharT, class _Traits, class _Alloc> std::basic_string<_CharT, _Traits, _Alloc> std::operator+(std::basic_string<_CharT, _Traits, _Alloc>&&, _CharT)
     operator+(basic_string<_CharT, _Traits, _Alloc>&& __lhs,
     ^
/usr/include/c++/4.8/bits/basic_string.h:2472:5: note:   template argument deduction/substitution failed:
/home/unnar/catkin_ws/src/exx_wall_extraction/src/plane_test.cpp:236:28: note:   ‘std::set<std::set<int> >::const_iterator {aka std::_Rb_tree_const_iterator<std::set<int> >}’ is not derived from ‘std::basic_string<_CharT, _Traits, _Alloc>’
             for ( ite = it+1; ite < sets.end(); ++ite){
                            ^
In file included from /usr/include/c++/4.8/vector:65:0,
                 from /usr/include/c++/4.8/bits/random.h:34,
                 from /usr/include/c++/4.8/random:50,
                 from /usr/include/c++/4.8/bits/stl_algo.h:65,
                 from /usr/include/c++/4.8/algorithm:62,
                 from /usr/include/boost/math/tools/config.hpp:16,
                 from /usr/include/boost/math/special_functions/round.hpp:13,
                 from /opt/ros/indigo/include/ros/time.h:58,
                 from /opt/ros/indigo/include/ros/ros.h:38,
                 from /home/unnar/catkin_ws/src/exx_wall_extraction/src/plane_test.cpp:1:
/usr/include/c++/4.8/bits/stl_bvector.h:293:3: note: std::_Bit_iterator std::operator+(std::ptrdiff_t, const std::_Bit_iterator&)
   operator+(ptrdiff_t __n, const _Bit_iterator& __x)
   ^
/usr/include/c++/4.8/bits/stl_bvector.h:293:3: note:   no known conversion for argument 1 from ‘std::set<std::set<int> >::const_iterator {aka std::_Rb_tree_const_iterator<std::set<int> >}’ to ‘std::ptrdiff_t {aka long int}’
/usr/include/c++/4.8/bits/stl_bvector.h:379:3: note: std::_Bit_const_iterator std::operator+(std::ptrdiff_t, const std::_Bit_const_iterator&)
   operator+(ptrdiff_t __n, const _Bit_const_iterator& __x)
   ^
/usr/include/c++/4.8/bits/stl_bvector.h:379:3: note:   no known conversion for argument 1 from ‘std::set<std::set<int> >::const_iterator {aka std::_Rb_tree_const_iterator<std::set<int> >}’ to ‘std::ptrdiff_t {aka long int}’
In file included from /usr/include/boost/config/no_tr1/complex.hpp:21:0,
                 from /usr/include/boost/math/policies/error_handling.hpp:15,
                 from /usr/include/boost/math/special_functions/round.hpp:14,
                 from /opt/ros/indigo/include/ros/time.h:58,
                 from /opt/ros/indigo/include/ros/ros.h:38,
                 from /home/unnar/catkin_ws/src/exx_wall_extraction/src/plane_test.cpp:1:
/usr/include/c++/4.8/complex:324:5: note: template<class _Tp> std::complex<_Tp> std::operator+(const std::complex<_Tp>&, const std::complex<_Tp>&)
     operator+(const complex<_Tp>& __x, const complex<_Tp>& __y)
     ^
/usr/include/c++/4.8/complex:324:5: note:   template argument deduction/substitution failed:
/home/unnar/catkin_ws/src/exx_wall_extraction/src/plane_test.cpp:236:28: note:   ‘std::set<std::set<int> >::const_iterator {aka std::_Rb_tree_const_iterator<std::set<int> >}’ is not derived from ‘const std::complex<_Tp>’
             for ( ite = it+1; ite < sets.end(); ++ite){
                            ^
In file included from /usr/include/boost/config/no_tr1/complex.hpp:21:0,
                 from /usr/include/boost/math/policies/error_handling.hpp:15,
                 from /usr/include/boost/math/special_functions/round.hpp:14,
                 from /opt/ros/indigo/include/ros/time.h:58,
                 from /opt/ros/indigo/include/ros/ros.h:38,
                 from /home/unnar/catkin_ws/src/exx_wall_extraction/src/plane_test.cpp:1:
/usr/include/c++/4.8/complex:333:5: note: template<class _Tp> std::complex<_Tp> std::operator+(const std::complex<_Tp>&, const _Tp&)
     operator+(const complex<_Tp>& __x, const _Tp& __y)
     ^
/usr/include/c++/4.8/complex:333:5: note:   template argument deduction/substitution failed:
/home/unnar/catkin_ws/src/exx_wall_extraction/src/plane_test.cpp:236:28: note:   ‘std::set<std::set<int> >::const_iterator {aka std::_Rb_tree_const_iterator<std::set<int> >}’ is not derived from ‘const std::complex<_Tp>’
             for ( ite = it+1; ite < sets.end(); ++ite){
                            ^
In file included from /usr/include/boost/config/no_tr1/complex.hpp:21:0,
                 from /usr/include/boost/math/policies/error_handling.hpp:15,
                 from /usr/include/boost/math/special_functions/round.hpp:14,
                 from /opt/ros/indigo/include/ros/time.h:58,
                 from /opt/ros/indigo/include/ros/ros.h:38,
                 from /home/unnar/catkin_ws/src/exx_wall_extraction/src/plane_test.cpp:1:
/usr/include/c++/4.8/complex:342:5: note: template<class _Tp> std::complex<_Tp> std::operator+(const _Tp&, const std::complex<_Tp>&)
     operator+(const _Tp& __x, const complex<_Tp>& __y)
     ^
/usr/include/c++/4.8/complex:342:5: note:   template argument deduction/substitution failed:
/home/unnar/catkin_ws/src/exx_wall_extraction/src/plane_test.cpp:236:28: note:   mismatched types ‘const std::complex<_Tp>’ and ‘int’
             for ( ite = it+1; ite < sets.end(); ++ite){
                            ^
In file included from /usr/include/boost/config/no_tr1/complex.hpp:21:0,
                 from /usr/include/boost/math/policies/error_handling.hpp:15,
                 from /usr/include/boost/math/special_functions/round.hpp:14,
                 from /opt/ros/indigo/include/ros/time.h:58,
                 from /opt/ros/indigo/include/ros/ros.h:38,
                 from /home/unnar/catkin_ws/src/exx_wall_extraction/src/plane_test.cpp:1:
/usr/include/c++/4.8/complex:443:5: note: template<class _Tp> std::complex<_Tp> std::operator+(const std::complex<_Tp>&)
     operator+(const complex<_Tp>& __x)
     ^
/usr/include/c++/4.8/complex:443:5: note:   template argument deduction/substitution failed:
/home/unnar/catkin_ws/src/exx_wall_extraction/src/plane_test.cpp:236:28: note:   ‘std::set<std::set<int> >::const_iterator {aka std::_Rb_tree_const_iterator<std::set<int> >}’ is not derived from ‘const std::complex<_Tp>’
             for ( ite = it+1; ite < sets.end(); ++ite){
                            ^
In file included from /usr/include/c++/4.8/deque:64:0,
                 from /usr/include/boost/detail/container_fwd.hpp:91,
                 from /usr/include/boost/functional/hash/extensions.hpp:17,
                 from /usr/include/boost/functional/hash/hash.hpp:529,
                 from /usr/include/boost/functional/hash.hpp:6,
                 from /usr/include/boost/unordered/unordered_map.hpp:20,
                 from /usr/include/boost/unordered_map.hpp:16,
                 from /opt/ros/indigo/include/tf/tf.h:44,
                 from /opt/ros/indigo/include/tf/transform_listener.h:38,
                 from /opt/ros/indigo/include/pcl_ros/transforms.h:43,
                 from /home/unnar/catkin_ws/src/exx_wall_extraction/src/plane_test.cpp:2:
/usr/include/c++/4.8/bits/stl_deque.h:354:5: note: template<class _Tp, class _Ref, class _Ptr> std::_Deque_iterator<_Tp, _Ref, _Ptr> std::operator+(std::ptrdiff_t, const std::_Deque_iterator<_Tp, _Ref, _Ptr>&)
     operator+(ptrdiff_t __n, const _Deque_iterator<_Tp, _Ref, _Ptr>& __x)
     ^
/usr/include/c++/4.8/bits/stl_deque.h:354:5: note:   template argument deduction/substitution failed:
/home/unnar/catkin_ws/src/exx_wall_extraction/src/plane_test.cpp:236:28: note:   cannot convert ‘it’ (type ‘std::set<std::set<int> >::const_iterator {aka std::_Rb_tree_const_iterator<std::set<int> >}’) to type ‘std::ptrdiff_t {aka long int}’
             for ( ite = it+1; ite < sets.end(); ++ite){
                            ^
In file included from /usr/include/c++/4.8/valarray:587:0,
                 from /usr/include/opencv2/contrib/retina.hpp:76,
                 from /usr/include/opencv2/contrib/contrib.hpp:979,
                 from /usr/include/opencv2/opencv.hpp:59,
                 from /home/unnar/catkin_ws/src/strands_3d_mapping/metaroom_xml_parser/include/simple_xml_parser.h:18,
                 from /home/unnar/catkin_ws/src/exx_wall_extraction/src/plane_test.cpp:18:
/usr/include/c++/4.8/bits/valarray_after.h:402:5: note: template<class _Dom1, class _Dom2> std::_Expr<std::_BinClos<std::__plus, std::_Expr, std::_Expr, _Dom1, _Dom2>, typename std::__fun<std::__plus, typename _Dom1::value_type>::result_type> std::operator+(const std::_Expr<_Dom1, typename _Dom1::value_type>&, const std::_Expr<_Dom2, typename _Dom2::value_type>&)
     _DEFINE_EXPR_BINARY_OPERATOR(+, __plus)
     ^
/usr/include/c++/4.8/bits/valarray_after.h:402:5: note:   template argument deduction/substitution failed:
/home/unnar/catkin_ws/src/exx_wall_extraction/src/plane_test.cpp:236:28: note:   ‘std::set<std::set<int> >::const_iterator {aka std::_Rb_tree_const_iterator<std::set<int> >}’ is not derived from ‘const std::_Expr<_Dom1, typename _Dom1::value_type>’
             for ( ite = it+1; ite < sets.end(); ++ite){
                            ^
In file included from /usr/include/c++/4.8/valarray:587:0,
                 from /usr/include/opencv2/contrib/retina.hpp:76,
                 from /usr/include/opencv2/contrib/contrib.hpp:979,
                 from /usr/include/opencv2/opencv.hpp:59,
                 from /home/unnar/catkin_ws/src/strands_3d_mapping/metaroom_xml_parser/include/simple_xml_parser.h:18,
                 from /home/unnar/catkin_ws/src/exx_wall_extraction/src/plane_test.cpp:18:
/usr/include/c++/4.8/bits/valarray_after.h:402:5: note: template<class _Dom> std::_Expr<std::_BinClos<std::__plus, std::_Expr, std::_Constant, _Dom, typename _Dom::value_type>, typename std::__fun<std::__plus, typename _Dom1::value_type>::result_type> std::operator+(const std::_Expr<_Dom1, typename _Dom1::value_type>&, const typename _Dom::value_type&)
     _DEFINE_EXPR_BINARY_OPERATOR(+, __plus)
     ^
/usr/include/c++/4.8/bits/valarray_after.h:402:5: note:   template argument deduction/substitution failed:
/home/unnar/catkin_ws/src/exx_wall_extraction/src/plane_test.cpp:236:28: note:   ‘std::set<std::set<int> >::const_iterator {aka std::_Rb_tree_const_iterator<std::set<int> >}’ is not derived from ‘const std::_Expr<_Dom1, typename _Dom1::value_type>’
             for ( ite = it+1; ite < sets.end(); ++ite){
                            ^
In file included from /usr/include/c++/4.8/valarray:587:0,
                 from /usr/include/opencv2/contrib/retina.hpp:76,
                 from /usr/include/opencv2/contrib/contrib.hpp:979,
                 from /usr/include/opencv2/opencv.hpp:59,
                 from /home/unnar/catkin_ws/src/strands_3d_mapping/metaroom_xml_parser/include/simple_xml_parser.h:18,
                 from /home/unnar/catkin_ws/src/exx_wall_extraction/src/plane_test.cpp:18:
/usr/include/c++/4.8/bits/valarray_after.h:402:5: note: template<class _Dom> std::_Expr<std::_BinClos<std::__plus, std::_Constant, std::_Expr, typename _Dom::value_type, _Dom>, typename std::__fun<std::__plus, typename _Dom1::value_type>::result_type> std::operator+(const typename _Dom::value_type&, const std::_Expr<_Dom1, typename _Dom1::value_type>&)
     _DEFINE_EXPR_BINARY_OPERATOR(+, __plus)
     ^
/usr/include/c++/4.8/bits/valarray_after.h:402:5: note:   template argument deduction/substitution failed:
/home/unnar/catkin_ws/src/exx_wall_extraction/src/plane_test.cpp:236:28: note:   mismatched types ‘const std::_Expr<_Dom1, typename _Dom1::value_type>’ and ‘int’
             for ( ite = it+1; ite < sets.end(); ++ite){
                            ^
In file included from /usr/include/c++/4.8/valarray:587:0,
                 from /usr/include/opencv2/contrib/retina.hpp:76,
                 from /usr/include/opencv2/contrib/contrib.hpp:979,
                 from /usr/include/opencv2/opencv.hpp:59,
                 from /home/unnar/catkin_ws/src/strands_3d_mapping/metaroom_xml_parser/include/simple_xml_parser.h:18,
                 from /home/unnar/catkin_ws/src/exx_wall_extraction/src/plane_test.cpp:18:
/usr/include/c++/4.8/bits/valarray_after.h:402:5: note: template<class _Dom> std::_Expr<std::_BinClos<std::__plus, std::_Expr, std::_ValArray, _Dom, typename _Dom::value_type>, typename std::__fun<std::__plus, typename _Dom1::value_type>::result_type> std::operator+(const std::_Expr<_Dom1, typename _Dom1::value_type>&, const std::valarray<typename _Dom::value_type>&)
     _DEFINE_EXPR_BINARY_OPERATOR(+, __plus)
     ^
/usr/include/c++/4.8/bits/valarray_after.h:402:5: note:   template argument deduction/substitution failed:
/home/unnar/catkin_ws/src/exx_wall_extraction/src/plane_test.cpp:236:28: note:   ‘std::set<std::set<int> >::const_iterator {aka std::_Rb_tree_const_iterator<std::set<int> >}’ is not derived from ‘const std::_Expr<_Dom1, typename _Dom1::value_type>’
             for ( ite = it+1; ite < sets.end(); ++ite){
                            ^
In file included from /usr/include/c++/4.8/valarray:587:0,
                 from /usr/include/opencv2/contrib/retina.hpp:76,
                 from /usr/include/opencv2/contrib/contrib.hpp:979,
                 from /usr/include/opencv2/opencv.hpp:59,
                 from /home/unnar/catkin_ws/src/strands_3d_mapping/metaroom_xml_parser/include/simple_xml_parser.h:18,
                 from /home/unnar/catkin_ws/src/exx_wall_extraction/src/plane_test.cpp:18:
/usr/include/c++/4.8/bits/valarray_after.h:402:5: note: template<class _Dom> std::_Expr<std::_BinClos<std::__plus, std::_ValArray, std::_Expr, typename _Dom::value_type, _Dom>, typename std::__fun<std::__plus, typename _Dom1::value_type>::result_type> std::operator+(const std::valarray<typename _Dom::value_type>&, const std::_Expr<_Dom1, typename _Dom1::value_type>&)
     _DEFINE_EXPR_BINARY_OPERATOR(+, __plus)
     ^
/usr/include/c++/4.8/bits/valarray_after.h:402:5: note:   template argument deduction/substitution failed:
/home/unnar/catkin_ws/src/exx_wall_extraction/src/plane_test.cpp:236:28: note:   ‘std::set<std::set<int> >::const_iterator {aka std::_Rb_tree_const_iterator<std::set<int> >}’ is not derived from ‘const std::valarray<typename _Dom::value_type>’
             for ( ite = it+1; ite < sets.end(); ++ite){
                            ^
In file included from /usr/include/opencv2/contrib/retina.hpp:76:0,
                 from /usr/include/opencv2/contrib/contrib.hpp:979,
                 from /usr/include/opencv2/opencv.hpp:59,
                 from /home/unnar/catkin_ws/src/strands_3d_mapping/metaroom_xml_parser/include/simple_xml_parser.h:18,
                 from /home/unnar/catkin_ws/src/exx_wall_extraction/src/plane_test.cpp:18:
/usr/include/c++/4.8/valarray:1167:1: note: template<class _Tp> std::_Expr<std::_BinClos<std::__plus, std::_ValArray, std::_ValArray, _Tp, _Tp>, typename std::__fun<std::__plus, _Tp>::result_type> std::operator+(const std::valarray<_Tp>&, const std::valarray<_Tp>&)
 _DEFINE_BINARY_OPERATOR(+, __plus)
 ^
/usr/include/c++/4.8/valarray:1167:1: note:   template argument deduction/substitution failed:
/home/unnar/catkin_ws/src/exx_wall_extraction/src/plane_test.cpp:236:28: note:   ‘std::set<std::set<int> >::const_iterator {aka std::_Rb_tree_const_iterator<std::set<int> >}’ is not derived from ‘const std::valarray<_Tp>’
             for ( ite = it+1; ite < sets.end(); ++ite){
                            ^
In file included from /usr/include/opencv2/contrib/retina.hpp:76:0,
                 from /usr/include/opencv2/contrib/contrib.hpp:979,
                 from /usr/include/opencv2/opencv.hpp:59,
                 from /home/unnar/catkin_ws/src/strands_3d_mapping/metaroom_xml_parser/include/simple_xml_parser.h:18,
                 from /home/unnar/catkin_ws/src/exx_wall_extraction/src/plane_test.cpp:18:
/usr/include/c++/4.8/valarray:1167:1: note: template<class _Tp> std::_Expr<std::_BinClos<std::__plus, std::_ValArray, std::_Constant, _Tp, _Tp>, typename std::__fun<std::__plus, _Tp>::result_type> std::operator+(const std::valarray<_Tp>&, const _Tp&)
 _DEFINE_BINARY_OPERATOR(+, __plus)
 ^
/usr/include/c++/4.8/valarray:1167:1: note:   template argument deduction/substitution failed:
/home/unnar/catkin_ws/src/exx_wall_extraction/src/plane_test.cpp:236:28: note:   ‘std::set<std::set<int> >::const_iterator {aka std::_Rb_tree_const_iterator<std::set<int> >}’ is not derived from ‘const std::valarray<_Tp>’
             for ( ite = it+1; ite < sets.end(); ++ite){
                            ^
In file included from /usr/include/opencv2/contrib/retina.hpp:76:0,
                 from /usr/include/opencv2/contrib/contrib.hpp:979,
                 from /usr/include/opencv2/opencv.hpp:59,
                 from /home/unnar/catkin_ws/src/strands_3d_mapping/metaroom_xml_parser/include/simple_xml_parser.h:18,
                 from /home/unnar/catkin_ws/src/exx_wall_extraction/src/plane_test.cpp:18:
/usr/include/c++/4.8/valarray:1167:1: note: template<class _Tp> std::_Expr<std::_BinClos<std::__plus, std::_Constant, std::_ValArray, _Tp, _Tp>, typename std::__fun<std::__plus, _Tp>::result_type> std::operator+(const _Tp&, const std::valarray<_Tp>&)
 _DEFINE_BINARY_OPERATOR(+, __plus)
 ^
/usr/include/c++/4.8/valarray:1167:1: note:   template argument deduction/substitution failed:
/home/unnar/catkin_ws/src/exx_wall_extraction/src/plane_test.cpp:236:28: note:   mismatched types ‘const std::valarray<_Tp>’ and ‘int’
             for ( ite = it+1; ite < sets.end(); ++ite){
                            ^
In file included from /usr/include/qt4/QtCore/qobject.h:48:0,
                 from /usr/include/qt4/QtCore/qiodevice.h:46,
                 from /usr/include/qt4/QtCore/qfile.h:45,
                 from /usr/include/qt4/QtCore/QFile:1,
                 from /home/unnar/catkin_ws/src/strands_3d_mapping/metaroom_xml_parser/include/simple_xml_parser.h:12,
                 from /home/unnar/catkin_ws/src/exx_wall_extraction/src/plane_test.cpp:18:
/usr/include/qt4/QtCore/qstring.h:1038:41: note: const QString operator+(const QString&, const QByteArray&)
 inline QT_ASCII_CAST_WARN const QString operator+(const QString &s, const QByteArray &ba)
                                         ^
/usr/include/qt4/QtCore/qstring.h:1038:41: note:   no known conversion for argument 1 from ‘std::set<std::set<int> >::const_iterator {aka std::_Rb_tree_const_iterator<std::set<int> >}’ to ‘const QString&’
/usr/include/qt4/QtCore/qstring.h:1036:41: note: const QString operator+(const QByteArray&, const QString&)
 inline QT_ASCII_CAST_WARN const QString operator+(const QByteArray &ba, const QString &s)
                                         ^
/usr/include/qt4/QtCore/qstring.h:1036:41: note:   no known conversion for argument 1 from ‘std::set<std::set<int> >::const_iterator {aka std::_Rb_tree_const_iterator<std::set<int> >}’ to ‘const QByteArray&’
/usr/include/qt4/QtCore/qstring.h:1034:41: note: const QString operator+(const QString&, char)
 inline QT_ASCII_CAST_WARN const QString operator+(const QString &s, char c)
                                         ^
/usr/include/qt4/QtCore/qstring.h:1034:41: note:   no known conversion for argument 1 from ‘std::set<std::set<int> >::const_iterator {aka std::_Rb_tree_const_iterator<std::set<int> >}’ to ‘const QString&’
/usr/include/qt4/QtCore/qstring.h:1032:41: note: const QString operator+(char, const QString&)
 inline QT_ASCII_CAST_WARN const QString operator+(char c, const QString &s)
                                         ^
/usr/include/qt4/QtCore/qstring.h:1032:41: note:   no known conversion for argument 1 from ‘std::set<std::set<int> >::const_iterator {aka std::_Rb_tree_const_iterator<std::set<int> >}’ to ‘char’
/usr/include/qt4/QtCore/qstring.h:1030:41: note: const QString operator+(const char*, const QString&)
 inline QT_ASCII_CAST_WARN const QString operator+(const char *s1, const QString &s2)
                                         ^
/usr/include/qt4/QtCore/qstring.h:1030:41: note:   no known conversion for argument 1 from ‘std::set<std::set<int> >::const_iterator {aka std::_Rb_tree_const_iterator<std::set<int> >}’ to ‘const char*’
/usr/include/qt4/QtCore/qstring.h:1028:41: note: const QString operator+(const QString&, const char*)
 inline QT_ASCII_CAST_WARN const QString operator+(const QString &s1, const char *s2)
                                         ^
/usr/include/qt4/QtCore/qstring.h:1028:41: note:   no known conversion for argument 1 from ‘std::set<std::set<int> >::const_iterator {aka std::_Rb_tree_const_iterator<std::set<int> >}’ to ‘const QString&’
/usr/include/qt4/QtCore/qstring.h:1025:22: note: const QString operator+(QChar, const QString&)
 inline const QString operator+(QChar s1, const QString &s2)
                      ^
/usr/include/qt4/QtCore/qstring.h:1025:22: note:   no known conversion for argument 1 from ‘std::set<std::set<int> >::const_iterator {aka std::_Rb_tree_const_iterator<std::set<int> >}’ to ‘QChar’
/usr/include/qt4/QtCore/qstring.h:1023:22: note: const QString operator+(const QString&, QChar)
 inline const QString operator+(const QString &s1, QChar s2)
                      ^
/usr/include/qt4/QtCore/qstring.h:1023:22: note:   no known conversion for argument 1 from ‘std::set<std::set<int> >::const_iterator {aka std::_Rb_tree_const_iterator<std::set<int> >}’ to ‘const QString&’
/usr/include/qt4/QtCore/qstring.h:1021:22: note: const QString operator+(const QString&, const QString&)
 inline const QString operator+(const QString &s1, const QString &s2)
                      ^
/usr/include/qt4/QtCore/qstring.h:1021:22: note:   no known conversion for argument 1 from ‘std::set<std::set<int> >::const_iterator {aka std::_Rb_tree_const_iterator<std::set<int> >}’ to ‘const QString&’
In file included from /usr/include/qt4/QtCore/qstring.h:46:0,
                 from /usr/include/qt4/QtCore/qobject.h:48,
                 from /usr/include/qt4/QtCore/qiodevice.h:46,
                 from /usr/include/qt4/QtCore/qfile.h:45,
                 from /usr/include/qt4/QtCore/QFile:1,
                 from /home/unnar/catkin_ws/src/strands_3d_mapping/metaroom_xml_parser/include/simple_xml_parser.h:12,
                 from /home/unnar/catkin_ws/src/exx_wall_extraction/src/plane_test.cpp:18:
/usr/include/qt4/QtCore/qbytearray.h:572:25: note: const QByteArray operator+(char, const QByteArray&)
 inline const QByteArray operator+(char a1, const QByteArray &a2)
                         ^
/usr/include/qt4/QtCore/qbytearray.h:572:25: note:   no known conversion for argument 1 from ‘std::set<std::set<int> >::const_iterator {aka std::_Rb_tree_const_iterator<std::set<int> >}’ to ‘char’
/usr/include/qt4/QtCore/qbytearray.h:570:25: note: const QByteArray operator+(const char*, const QByteArray&)
 inline const QByteArray operator+(const char *a1, const QByteArray &a2)
                         ^
/usr/include/qt4/QtCore/qbytearray.h:570:25: note:   no known conversion for argument 1 from ‘std::set<std::set<int> >::const_iterator {aka std::_Rb_tree_const_iterator<std::set<int> >}’ to ‘const char*’
/usr/include/qt4/QtCore/qbytearray.h:568:25: note: const QByteArray operator+(const QByteArray&, char)
 inline const QByteArray operator+(const QByteArray &a1, char a2)
                         ^
/usr/include/qt4/QtCore/qbytearray.h:568:25: note:   no known conversion for argument 1 from ‘std::set<std::set<int> >::const_iterator {aka std::_Rb_tree_const_iterator<std::set<int> >}’ to ‘const QByteArray&’
/usr/include/qt4/QtCore/qbytearray.h:566:25: note: const QByteArray operator+(const QByteArray&, const char*)
 inline const QByteArray operator+(const QByteArray &a1, const char *a2)
                         ^
/usr/include/qt4/QtCore/qbytearray.h:566:25: note:   no known conversion for argument 1 from ‘std::set<std::set<int> >::const_iterator {aka std::_Rb_tree_const_iterator<std::set<int> >}’ to ‘const QByteArray&’
/usr/include/qt4/QtCore/qbytearray.h:564:25: note: const QByteArray operator+(const QByteArray&, const QByteArray&)
 inline const QByteArray operator+(const QByteArray &a1, const QByteArray &a2)
                         ^
/usr/include/qt4/QtCore/qbytearray.h:564:25: note:   no known conversion for argument 1 from ‘std::set<std::set<int> >::const_iterator {aka std::_Rb_tree_const_iterator<std::set<int> >}’ to ‘const QByteArray&’
In file included from /usr/include/c++/4.8/bits/stl_algobase.h:67:0,
                 from /usr/include/c++/4.8/bits/char_traits.h:39,
                 from /usr/include/c++/4.8/string:40,
                 from /opt/ros/indigo/include/ros/platform.h:55,
                 from /opt/ros/indigo/include/ros/time.h:53,
                 from /opt/ros/indigo/include/ros/ros.h:38,
                 from /home/unnar/catkin_ws/src/exx_wall_extraction/src/plane_test.cpp:1:
/usr/include/c++/4.8/bits/stl_iterator.h:902:5: note: template<class _Iterator, class _Container> __gnu_cxx::__normal_iterator<_Iterator, _Container> __gnu_cxx::operator+(typename __gnu_cxx::__normal_iterator<_Iterator, _Container>::difference_type, const __gnu_cxx::__normal_iterator<_Iterator, _Container>&)
     operator+(typename __normal_iterator<_Iterator, _Container>::difference_type
     ^
/usr/include/c++/4.8/bits/stl_iterator.h:902:5: note:   template argument deduction/substitution failed:
/home/unnar/catkin_ws/src/exx_wall_extraction/src/plane_test.cpp:236:28: note:   mismatched types ‘const __gnu_cxx::__normal_iterator<_Iterator, _Container>’ and ‘int’
             for ( ite = it+1; ite < sets.end(); ++ite){
                            ^
/home/unnar/catkin_ws/src/exx_wall_extraction/src/plane_test.cpp:236:35: error: no match for ‘operator<’ (operand types are ‘std::set<std::set<int> >::const_iterator {aka std::_Rb_tree_const_iterator<std::set<int> >}’ and ‘std::set<std::set<int> >::iterator {aka std::_Rb_tree_const_iterator<std::set<int> >}’)
             for ( ite = it+1; ite < sets.end(); ++ite){
                                   ^
/home/unnar/catkin_ws/src/exx_wall_extraction/src/plane_test.cpp:236:35: note: candidates are:
In file included from /usr/include/vtk-5.8/vtkSmartPointer.h:23:0,
                 from /usr/include/pcl-1.7/pcl/visualization/point_cloud_geometry_handlers.h:48,
                 from /usr/include/pcl-1.7/pcl/visualization/point_cloud_handlers.h:41,
                 from /usr/include/pcl-1.7/pcl/visualization/common/actor_map.h:40,
                 from /usr/include/pcl-1.7/pcl/visualization/pcl_visualizer.h:47,
                 from /usr/include/pcl-1.7/pcl/visualization/cloud_viewer.h:39,
                 from /home/unnar/catkin_ws/src/exx-compression/include/plane_features/plane_features.h:8,
                 from /home/unnar/catkin_ws/src/exx_wall_extraction/src/plane_test.cpp:4:
/usr/include/vtk-5.8/vtkSmartPointerBase.h:110:1: note: vtkstd_bool operator<(const vtkSmartPointerBase&, const vtkSmartPointerBase&)
 VTK_SMART_POINTER_BASE_DEFINE_OPERATOR(<)
 ^
/usr/include/vtk-5.8/vtkSmartPointerBase.h:110:1: note:   no known conversion for argument 1 from ‘std::set<std::set<int> >::const_iterator {aka std::_Rb_tree_const_iterator<std::set<int> >}’ to ‘const vtkSmartPointerBase&’
/usr/include/vtk-5.8/vtkSmartPointerBase.h:110:1: note: vtkstd_bool operator<(vtkObjectBase*, const vtkSmartPointerBase&)
 VTK_SMART_POINTER_BASE_DEFINE_OPERATOR(<)
 ^
/usr/include/vtk-5.8/vtkSmartPointerBase.h:110:1: note:   no known conversion for argument 1 from ‘std::set<std::set<int> >::const_iterator {aka std::_Rb_tree_const_iterator<std::set<int> >}’ to ‘vtkObjectBase*’
/usr/include/vtk-5.8/vtkSmartPointerBase.h:110:1: note: vtkstd_bool operator<(const vtkSmartPointerBase&, vtkObjectBase*)
 VTK_SMART_POINTER_BASE_DEFINE_OPERATOR(<)
 ^
/usr/include/vtk-5.8/vtkSmartPointerBase.h:110:1: note:   no known conversion for argument 1 from ‘std::set<std::set<int> >::const_iterator {aka std::_Rb_tree_const_iterator<std::set<int> >}’ to ‘const vtkSmartPointerBase&’
In file included from /usr/include/pcl-1.7/pcl/visualization/point_cloud_geometry_handlers.h:48:0,
                 from /usr/include/pcl-1.7/pcl/visualization/point_cloud_handlers.h:41,
                 from /usr/include/pcl-1.7/pcl/visualization/common/actor_map.h:40,
                 from /usr/include/pcl-1.7/pcl/visualization/pcl_visualizer.h:47,
                 from /usr/include/pcl-1.7/pcl/visualization/cloud_viewer.h:39,
                 from /home/unnar/catkin_ws/src/exx-compression/include/plane_features/plane_features.h:8,
                 from /home/unnar/catkin_ws/src/exx_wall_extraction/src/plane_test.cpp:4:
/usr/include/vtk-5.8/vtkSmartPointer.h:192:1: note: template<class T> vtkstd_bool operator<(const vtkSmartPointer<T>&, const vtkSmartPointer<T>&)
 VTK_SMART_POINTER_DEFINE_OPERATOR(<)
 ^
/usr/include/vtk-5.8/vtkSmartPointer.h:192:1: note:   template argument deduction/substitution failed:
/home/unnar/catkin_ws/src/exx_wall_extraction/src/plane_test.cpp:236:46: note:   ‘std::set<std::set<int> >::const_iterator {aka std::_Rb_tree_const_iterator<std::set<int> >}’ is not derived from ‘const vtkSmartPointer<T>’
             for ( ite = it+1; ite < sets.end(); ++ite){
                                              ^
In file included from /usr/include/pcl-1.7/pcl/visualization/point_cloud_geometry_handlers.h:48:0,
                 from /usr/include/pcl-1.7/pcl/visualization/point_cloud_handlers.h:41,
                 from /usr/include/pcl-1.7/pcl/visualization/common/actor_map.h:40,
                 from /usr/include/pcl-1.7/pcl/visualization/pcl_visualizer.h:47,
                 from /usr/include/pcl-1.7/pcl/visualization/cloud_viewer.h:39,
                 from /home/unnar/catkin_ws/src/exx-compression/include/plane_features/plane_features.h:8,
                 from /home/unnar/catkin_ws/src/exx_wall_extraction/src/plane_test.cpp:4:
/usr/include/vtk-5.8/vtkSmartPointer.h:192:1: note: template<class T> vtkstd_bool operator<(T*, const vtkSmartPointer<T>&)
 VTK_SMART_POINTER_DEFINE_OPERATOR(<)
 ^
/usr/include/vtk-5.8/vtkSmartPointer.h:192:1: note:   template argument deduction/substitution failed:
/home/unnar/catkin_ws/src/exx_wall_extraction/src/plane_test.cpp:236:46: note:   mismatched types ‘T*’ and ‘std::_Rb_tree_const_iterator<std::set<int> >’
             for ( ite = it+1; ite < sets.end(); ++ite){
                                              ^
In file included from /usr/include/pcl-1.7/pcl/visualization/point_cloud_geometry_handlers.h:48:0,
                 from /usr/include/pcl-1.7/pcl/visualization/point_cloud_handlers.h:41,
                 from /usr/include/pcl-1.7/pcl/visualization/common/actor_map.h:40,
                 from /usr/include/pcl-1.7/pcl/visualization/pcl_visualizer.h:47,
                 from /usr/include/pcl-1.7/pcl/visualization/cloud_viewer.h:39,
                 from /home/unnar/catkin_ws/src/exx-compression/include/plane_features/plane_features.h:8,
                 from /home/unnar/catkin_ws/src/exx_wall_extraction/src/plane_test.cpp:4:
/usr/include/vtk-5.8/vtkSmartPointer.h:192:1: note: template<class T> vtkstd_bool operator<(const vtkSmartPointer<T>&, T*)
 VTK_SMART_POINTER_DEFINE_OPERATOR(<)
 ^
/usr/include/vtk-5.8/vtkSmartPointer.h:192:1: note:   template argument deduction/substitution failed:
/home/unnar/catkin_ws/src/exx_wall_extraction/src/plane_test.cpp:236:46: note:   ‘std::set<std::set<int> >::const_iterator {aka std::_Rb_tree_const_iterator<std::set<int> >}’ is not derived from ‘const vtkSmartPointer<T>’
             for ( ite = it+1; ite < sets.end(); ++ite){
                                              ^
In file included from /usr/include/vtk-5.8/vtkObject.h:44:0,
                 from /usr/include/vtk-5.8/vtkPoints.h:23,
                 from /usr/include/pcl-1.7/pcl/visualization/point_cloud_geometry_handlers.h:49,
                 from /usr/include/pcl-1.7/pcl/visualization/point_cloud_handlers.h:41,
                 from /usr/include/pcl-1.7/pcl/visualization/common/actor_map.h:40,
                 from /usr/include/pcl-1.7/pcl/visualization/pcl_visualizer.h:47,
                 from /usr/include/pcl-1.7/pcl/visualization/cloud_viewer.h:39,
                 from /home/unnar/catkin_ws/src/exx-compression/include/plane_features/plane_features.h:8,
                 from /home/unnar/catkin_ws/src/exx_wall_extraction/src/plane_test.cpp:4:
/usr/include/vtk-5.8/vtkWeakPointerBase.h:102:1: note: vtkstd_bool operator<(const vtkWeakPointerBase&, const vtkWeakPointerBase&)
 VTK_WEAK_POINTER_BASE_DEFINE_OPERATOR(<)
 ^
/usr/include/vtk-5.8/vtkWeakPointerBase.h:102:1: note:   no known conversion for argument 1 from ‘std::set<std::set<int> >::const_iterator {aka std::_Rb_tree_const_iterator<std::set<int> >}’ to ‘const vtkWeakPointerBase&’
/usr/include/vtk-5.8/vtkWeakPointerBase.h:102:1: note: vtkstd_bool operator<(vtkObjectBase*, const vtkWeakPointerBase&)
 VTK_WEAK_POINTER_BASE_DEFINE_OPERATOR(<)
 ^
/usr/include/vtk-5.8/vtkWeakPointerBase.h:102:1: note:   no known conversion for argument 1 from ‘std::set<std::set<int> >::const_iterator {aka std::_Rb_tree_const_iterator<std::set<int> >}’ to ‘vtkObjectBase*’
/usr/include/vtk-5.8/vtkWeakPointerBase.h:102:1: note: vtkstd_bool operator<(const vtkWeakPointerBase&, vtkObjectBase*)
 VTK_WEAK_POINTER_BASE_DEFINE_OPERATOR(<)
 ^
/usr/include/vtk-5.8/vtkWeakPointerBase.h:102:1: note:   no known conversion for argument 1 from ‘std::set<std::set<int> >::const_iterator {aka std::_Rb_tree_const_iterator<std::set<int> >}’ to ‘const vtkWeakPointerBase&’
In file included from /usr/include/vtk-5.8/vtkVariant.h:36:0,
                 from /usr/include/vtk-5.8/vtkAbstractArray.h:45,
                 from /usr/include/vtk-5.8/vtkDataArray.h:37,
                 from /usr/include/vtk-5.8/vtkPoints.h:25,
                 from /usr/include/pcl-1.7/pcl/visualization/point_cloud_geometry_handlers.h:49,
                 from /usr/include/pcl-1.7/pcl/visualization/point_cloud_handlers.h:41,
                 from /usr/include/pcl-1.7/pcl/visualization/common/actor_map.h:40,
                 from /usr/include/pcl-1.7/pcl/visualization/pcl_visualizer.h:47,
                 from /usr/include/pcl-1.7/pcl/visualization/cloud_viewer.h:39,
                 from /home/unnar/catkin_ws/src/exx-compression/include/plane_features/plane_features.h:8,
                 from /home/unnar/catkin_ws/src/exx_wall_extraction/src/plane_test.cpp:4:
/usr/include/vtk-5.8/vtkUnicodeString.h:236:24: note: bool operator<(const vtkUnicodeString&, const vtkUnicodeString&)
 VTK_COMMON_EXPORT bool operator<(const vtkUnicodeString& lhs, const vtkUnicodeString& rhs);
                        ^
/usr/include/vtk-5.8/vtkUnicodeString.h:236:24: note:   no known conversion for argument 1 from ‘std::set<std::set<int> >::const_iterator {aka std::_Rb_tree_const_iterator<std::set<int> >}’ to ‘const vtkUnicodeString&’
In file included from /usr/include/qt4/QtCore/qstring.h:45:0,
                 from /usr/include/qt4/QtCore/qobject.h:48,
                 from /usr/include/qt4/QtCore/qiodevice.h:46,
                 from /usr/include/qt4/QtCore/qfile.h:45,
                 from /usr/include/qt4/QtCore/QFile:1,
                 from /home/unnar/catkin_ws/src/strands_3d_mapping/metaroom_xml_parser/include/simple_xml_parser.h:12,
                 from /home/unnar/catkin_ws/src/exx_wall_extraction/src/plane_test.cpp:18:
/usr/include/qt4/QtCore/qchar.h:396:13: note: bool operator<(QChar, QChar)
 inline bool operator<(QChar c1, QChar c2) { return c1.unicode() < c2.unicode(); }
             ^
/usr/include/qt4/QtCore/qchar.h:396:13: note:   no known conversion for argument 1 from ‘std::set<std::set<int> >::const_iterator {aka std::_Rb_tree_const_iterator<std::set<int> >}’ to ‘QChar’
In file included from /usr/include/qt4/QtCore/qstring.h:46:0,
                 from /usr/include/qt4/QtCore/qobject.h:48,
                 from /usr/include/qt4/QtCore/qiodevice.h:46,
                 from /usr/include/qt4/QtCore/qfile.h:45,
                 from /usr/include/qt4/QtCore/QFile:1,
                 from /home/unnar/catkin_ws/src/strands_3d_mapping/metaroom_xml_parser/include/simple_xml_parser.h:12,
                 from /home/unnar/catkin_ws/src/exx_wall_extraction/src/plane_test.cpp:18:
/usr/include/qt4/QtCore/qbytearray.h:539:13: note: bool operator<(const QByteArray&, const QByteArray&)
 inline bool operator<(const QByteArray &a1, const QByteArray &a2)
             ^
/usr/include/qt4/QtCore/qbytearray.h:539:13: note:   no known conversion for argument 1 from ‘std::set<std::set<int> >::const_iterator {aka std::_Rb_tree_const_iterator<std::set<int> >}’ to ‘const QByteArray&’
/usr/include/qt4/QtCore/qbytearray.h:541:14: note: bool operator<(const QByteArray&, const char*)
  inline bool operator<(const QByteArray &a1, const char *a2)
              ^
/usr/include/qt4/QtCore/qbytearray.h:541:14: note:   no known conversion for argument 1 from ‘std::set<std::set<int> >::const_iterator {aka std::_Rb_tree_const_iterator<std::set<int> >}’ to ‘const QByteArray&’
/usr/include/qt4/QtCore/qbytearray.h:543:13: note: bool operator<(const char*, const QByteArray&)
 inline bool operator<(const char *a1, const QByteArray &a2)
             ^
/usr/include/qt4/QtCore/qbytearray.h:543:13: note:   no known conversion for argument 1 from ‘std::set<std::set<int> >::const_iterator {aka std::_Rb_tree_const_iterator<std::set<int> >}’ to ‘const char*’
In file included from /usr/include/qt4/QtCore/qobject.h:48:0,
                 from /usr/include/qt4/QtCore/qiodevice.h:46,
                 from /usr/include/qt4/QtCore/qfile.h:45,
                 from /usr/include/qt4/QtCore/QFile:1,
                 from /home/unnar/catkin_ws/src/strands_3d_mapping/metaroom_xml_parser/include/simple_xml_parser.h:12,
                 from /home/unnar/catkin_ws/src/exx_wall_extraction/src/plane_test.cpp:18:
/usr/include/qt4/QtCore/qstring.h:940:32: note: bool operator<(const char*, const QString&)
 inline QT_ASCII_CAST_WARN bool operator<(const char *s1, const QString &s2)
                                ^
/usr/include/qt4/QtCore/qstring.h:940:32: note:   no known conversion for argument 1 from ‘std::set<std::set<int> >::const_iterator {aka std::_Rb_tree_const_iterator<std::set<int> >}’ to ‘const char*’
/usr/include/qt4/QtCore/qstring.h:953:32: note: bool operator<(const char*, const QLatin1String&)
 inline QT_ASCII_CAST_WARN bool operator<(const char *s1, const QLatin1String &s2)
                                ^
/usr/include/qt4/QtCore/qstring.h:953:32: note:   no known conversion for argument 1 from ‘std::set<std::set<int> >::const_iterator {aka std::_Rb_tree_const_iterator<std::set<int> >}’ to ‘const char*’
/usr/include/qt4/QtCore/qstring.h:966:13: note: bool operator<(const QLatin1String&, const QLatin1String&)
 inline bool operator<(const QLatin1String &s1, const QLatin1String &s2)
             ^
/usr/include/qt4/QtCore/qstring.h:966:13: note:   no known conversion for argument 1 from ‘std::set<std::set<int> >::const_iterator {aka std::_Rb_tree_const_iterator<std::set<int> >}’ to ‘const QLatin1String&’
/usr/include/qt4/QtCore/qstring.h:1220:20: note: bool operator<(const QStringRef&, const QStringRef&)
 Q_CORE_EXPORT bool operator<(const QStringRef &s1,const QStringRef &s2);
                    ^
/usr/include/qt4/QtCore/qstring.h:1220:20: note:   no known conversion for argument 1 from ‘std::set<std::set<int> >::const_iterator {aka std::_Rb_tree_const_iterator<std::set<int> >}’ to ‘const QStringRef&’
In file included from /usr/include/opencv2/contrib/retina.hpp:76:0,
                 from /usr/include/opencv2/contrib/contrib.hpp:979,
                 from /usr/include/opencv2/opencv.hpp:59,
                 from /home/unnar/catkin_ws/src/strands_3d_mapping/metaroom_xml_parser/include/simple_xml_parser.h:18,
                 from /home/unnar/catkin_ws/src/exx_wall_extraction/src/plane_test.cpp:18:
/usr/include/c++/4.8/valarray:1181:1: note: template<class _Tp> std::_Expr<std::_BinClos<std::__less, std::_Constant, std::_ValArray, _Tp, _Tp>, typename std::__fun<std::__less, _Tp>::result_type> std::operator<(const _Tp&, const std::valarray<_Tp>&)
 _DEFINE_BINARY_OPERATOR(<, __less)
 ^
/usr/include/c++/4.8/valarray:1181:1: note:   template argument deduction/substitution failed:
/home/unnar/catkin_ws/src/exx_wall_extraction/src/plane_test.cpp:236:46: note:   ‘std::set<std::set<int> >::iterator {aka std::_Rb_tree_const_iterator<std::set<int> >}’ is not derived from ‘const std::valarray<_Tp>’
             for ( ite = it+1; ite < sets.end(); ++ite){
                                              ^
In file included from /usr/include/opencv2/contrib/retina.hpp:76:0,
                 from /usr/include/opencv2/contrib/contrib.hpp:979,
                 from /usr/include/opencv2/opencv.hpp:59,
                 from /home/unnar/catkin_ws/src/strands_3d_mapping/metaroom_xml_parser/include/simple_xml_parser.h:18,
                 from /home/unnar/catkin_ws/src/exx_wall_extraction/src/plane_test.cpp:18:
/usr/include/c++/4.8/valarray:1181:1: note: template<class _Tp> std::_Expr<std::_BinClos<std::__less, std::_ValArray, std::_Constant, _Tp, _Tp>, typename std::__fun<std::__less, _Tp>::result_type> std::operator<(const std::valarray<_Tp>&, const _Tp&)
 _DEFINE_BINARY_OPERATOR(<, __less)
 ^
/usr/include/c++/4.8/valarray:1181:1: note:   template argument deduction/substitution failed:
/home/unnar/catkin_ws/src/exx_wall_extraction/src/plane_test.cpp:236:46: note:   ‘std::set<std::set<int> >::const_iterator {aka std::_Rb_tree_const_iterator<std::set<int> >}’ is not derived from ‘const std::valarray<_Tp>’
             for ( ite = it+1; ite < sets.end(); ++ite){
                                              ^
In file included from /usr/include/opencv2/contrib/retina.hpp:76:0,
                 from /usr/include/opencv2/contrib/contrib.hpp:979,
                 from /usr/include/opencv2/opencv.hpp:59,
                 from /home/unnar/catkin_ws/src/strands_3d_mapping/metaroom_xml_parser/include/simple_xml_parser.h:18,
                 from /home/unnar/catkin_ws/src/exx_wall_extraction/src/plane_test.cpp:18:
/usr/include/c++/4.8/valarray:1181:1: note: template<class _Tp> std::_Expr<std::_BinClos<std::__less, std::_ValArray, std::_ValArray, _Tp, _Tp>, typename std::__fun<std::__less, _Tp>::result_type> std::operator<(const std::valarray<_Tp>&, const std::valarray<_Tp>&)
 _DEFINE_BINARY_OPERATOR(<, __less)
 ^
/usr/include/c++/4.8/valarray:1181:1: note:   template argument deduction/substitution failed:
/home/unnar/catkin_ws/src/exx_wall_extraction/src/plane_test.cpp:236:46: note:   ‘std::set<std::set<int> >::const_iterator {aka std::_Rb_tree_const_iterator<std::set<int> >}’ is not derived from ‘const std::valarray<_Tp>’
             for ( ite = it+1; ite < sets.end(); ++ite){
                                              ^
In file included from /usr/include/c++/4.8/valarray:587:0,
                 from /usr/include/opencv2/contrib/retina.hpp:76,
                 from /usr/include/opencv2/contrib/contrib.hpp:979,
                 from /usr/include/opencv2/opencv.hpp:59,
                 from /home/unnar/catkin_ws/src/strands_3d_mapping/metaroom_xml_parser/include/simple_xml_parser.h:18,
                 from /home/unnar/catkin_ws/src/exx_wall_extraction/src/plane_test.cpp:18:
/usr/include/c++/4.8/bits/valarray_after.h:416:5: note: template<class _Dom> std::_Expr<std::_BinClos<std::__less, std::_ValArray, std::_Expr, typename _Dom::value_type, _Dom>, typename std::__fun<std::__less, typename _Dom1::value_type>::result_type> std::operator<(const std::valarray<typename _Dom::value_type>&, const std::_Expr<_Dom1, typename _Dom1::value_type>&)
     _DEFINE_EXPR_BINARY_OPERATOR(<, __less)
     ^
/usr/include/c++/4.8/bits/valarray_after.h:416:5: note:   template argument deduction/substitution failed:
/home/unnar/catkin_ws/src/exx_wall_extraction/src/plane_test.cpp:236:46: note:   ‘std::set<std::set<int> >::const_iterator {aka std::_Rb_tree_const_iterator<std::set<int> >}’ is not derived from ‘const std::valarray<typename _Dom::value_type>’
             for ( ite = it+1; ite < sets.end(); ++ite){
                                              ^
In file included from /usr/include/c++/4.8/valarray:587:0,
                 from /usr/include/opencv2/contrib/retina.hpp:76,
                 from /usr/include/opencv2/contrib/contrib.hpp:979,
                 from /usr/include/opencv2/opencv.hpp:59,
                 from /home/unnar/catkin_ws/src/strands_3d_mapping/metaroom_xml_parser/include/simple_xml_parser.h:18,
                 from /home/unnar/catkin_ws/src/exx_wall_extraction/src/plane_test.cpp:18:
/usr/include/c++/4.8/bits/valarray_after.h:416:5: note: template<class _Dom> std::_Expr<std::_BinClos<std::__less, std::_Expr, std::_ValArray, _Dom, typename _Dom::value_type>, typename std::__fun<std::__less, typename _Dom1::value_type>::result_type> std::operator<(const std::_Expr<_Dom1, typename _Dom1::value_type>&, const std::valarray<typename _Dom::value_type>&)
     _DEFINE_EXPR_BINARY_OPERATOR(<, __less)
     ^
/usr/include/c++/4.8/bits/valarray_after.h:416:5: note:   template argument deduction/substitution failed:
/home/unnar/catkin_ws/src/exx_wall_extraction/src/plane_test.cpp:236:46: note:   ‘std::set<std::set<int> >::const_iterator {aka std::_Rb_tree_const_iterator<std::set<int> >}’ is not derived from ‘const std::_Expr<_Dom1, typename _Dom1::value_type>’
             for ( ite = it+1; ite < sets.end(); ++ite){
                                              ^
In file included from /usr/include/c++/4.8/valarray:587:0,
                 from /usr/include/opencv2/contrib/retina.hpp:76,
                 from /usr/include/opencv2/contrib/contrib.hpp:979,
                 from /usr/include/opencv2/opencv.hpp:59,
                 from /home/unnar/catkin_ws/src/strands_3d_mapping/metaroom_xml_parser/include/simple_xml_parser.h:18,
                 from /home/unnar/catkin_ws/src/exx_wall_extraction/src/plane_test.cpp:18:
/usr/include/c++/4.8/bits/valarray_after.h:416:5: note: template<class _Dom> std::_Expr<std::_BinClos<std::__less, std::_Constant, std::_Expr, typename _Dom::value_type, _Dom>, typename std::__fun<std::__less, typename _Dom1::value_type>::result_type> std::operator<(const typename _Dom::value_type&, const std::_Expr<_Dom1, typename _Dom1::value_type>&)
     _DEFINE_EXPR_BINARY_OPERATOR(<, __less)
     ^
/usr/include/c++/4.8/bits/valarray_after.h:416:5: note:   template argument deduction/substitution failed:
/home/unnar/catkin_ws/src/exx_wall_extraction/src/plane_test.cpp:236:46: note:   ‘std::set<std::set<int> >::iterator {aka std::_Rb_tree_const_iterator<std::set<int> >}’ is not derived from ‘const std::_Expr<_Dom1, typename _Dom1::value_type>’
             for ( ite = it+1; ite < sets.end(); ++ite){
                                              ^
In file included from /usr/include/c++/4.8/valarray:587:0,
                 from /usr/include/opencv2/contrib/retina.hpp:76,
                 from /usr/include/opencv2/contrib/contrib.hpp:979,
                 from /usr/include/opencv2/opencv.hpp:59,
                 from /home/unnar/catkin_ws/src/strands_3d_mapping/metaroom_xml_parser/include/simple_xml_parser.h:18,
                 from /home/unnar/catkin_ws/src/exx_wall_extraction/src/plane_test.cpp:18:
/usr/include/c++/4.8/bits/valarray_after.h:416:5: note: template<class _Dom> std::_Expr<std::_BinClos<std::__less, std::_Expr, std::_Constant, _Dom, typename _Dom::value_type>, typename std::__fun<std::__less, typename _Dom1::value_type>::result_type> std::operator<(const std::_Expr<_Dom1, typename _Dom1::value_type>&, const typename _Dom::value_type&)
     _DEFINE_EXPR_BINARY_OPERATOR(<, __less)
     ^
/usr/include/c++/4.8/bits/valarray_after.h:416:5: note:   template argument deduction/substitution failed:
/home/unnar/catkin_ws/src/exx_wall_extraction/src/plane_test.cpp:236:46: note:   ‘std::set<std::set<int> >::const_iterator {aka std::_Rb_tree_const_iterator<std::set<int> >}’ is not derived from ‘const std::_Expr<_Dom1, typename _Dom1::value_type>’
             for ( ite = it+1; ite < sets.end(); ++ite){
                                              ^
In file included from /usr/include/c++/4.8/valarray:587:0,
                 from /usr/include/opencv2/contrib/retina.hpp:76,
                 from /usr/include/opencv2/contrib/contrib.hpp:979,
                 from /usr/include/opencv2/opencv.hpp:59,
                 from /home/unnar/catkin_ws/src/strands_3d_mapping/metaroom_xml_parser/include/simple_xml_parser.h:18,
                 from /home/unnar/catkin_ws/src/exx_wall_extraction/src/plane_test.cpp:18:
/usr/include/c++/4.8/bits/valarray_after.h:416:5: note: template<class _Dom1, class _Dom2> std::_Expr<std::_BinClos<std::__less, std::_Expr, std::_Expr, _Dom1, _Dom2>, typename std::__fun<std::__less, typename _Dom1::value_type>::result_type> std::operator<(const std::_Expr<_Dom1, typename _Dom1::value_type>&, const std::_Expr<_Dom2, typename _Dom2::value_type>&)
     _DEFINE_EXPR_BINARY_OPERATOR(<, __less)
     ^
/usr/include/c++/4.8/bits/valarray_after.h:416:5: note:   template argument deduction/substitution failed:
/home/unnar/catkin_ws/src/exx_wall_extraction/src/plane_test.cpp:236:46: note:   ‘std::set<std::set<int> >::const_iterator {aka std::_Rb_tree_const_iterator<std::set<int> >}’ is not derived from ‘const std::_Expr<_Dom1, typename _Dom1::value_type>’
             for ( ite = it+1; ite < sets.end(); ++ite){
                                              ^
In file included from /usr/include/c++/4.8/stack:61:0,
                 from /usr/include/boost/filesystem/operations.hpp:42,
                 from /usr/include/boost/filesystem.hpp:17,
                 from /usr/include/pcl-1.7/pcl/visualization/boost.h:64,
                 from /usr/include/pcl-1.7/pcl/visualization/common/actor_map.h:48,
                 from /usr/include/pcl-1.7/pcl/visualization/pcl_visualizer.h:47,
                 from /usr/include/pcl-1.7/pcl/visualization/cloud_viewer.h:39,
                 from /home/unnar/catkin_ws/src/exx-compression/include/plane_features/plane_features.h:8,
                 from /home/unnar/catkin_ws/src/exx_wall_extraction/src/plane_test.cpp:4:
/usr/include/c++/4.8/bits/stl_stack.h:261:5: note: template<class _Tp, class _Seq> bool std::operator<(const std::stack<_Tp, _Seq>&, const std::stack<_Tp, _Seq>&)
     operator<(const stack<_Tp, _Seq>& __x, const stack<_Tp, _Seq>& __y)
     ^
/usr/include/c++/4.8/bits/stl_stack.h:261:5: note:   template argument deduction/substitution failed:
/home/unnar/catkin_ws/src/exx_wall_extraction/src/plane_test.cpp:236:46: note:   ‘std::set<std::set<int> >::const_iterator {aka std::_Rb_tree_const_iterator<std::set<int> >}’ is not derived from ‘const std::stack<_Tp, _Seq>’
             for ( ite = it+1; ite < sets.end(); ++ite){
                                              ^
In file included from /usr/include/c++/4.8/queue:64:0,
                 from /usr/include/pcl-1.7/pcl/octree/octree_pointcloud.h:48,
                 from /usr/include/pcl-1.7/pcl/octree/octree_search.h:45,
                 from /usr/include/pcl-1.7/pcl/search/octree.h:43,
                 from /usr/include/pcl-1.7/pcl/search/pcl_search.h:45,
                 from /usr/include/pcl-1.7/pcl/surface/reconstruction.h:45,
                 from /usr/include/pcl-1.7/pcl/surface/gp3.h:44,
                 from /home/unnar/catkin_ws/src/exx-compression/include/exx_compression/compression.h:7,
                 from /home/unnar/catkin_ws/src/exx_wall_extraction/src/plane_test.cpp:3:
/usr/include/c++/4.8/bits/stl_queue.h:286:5: note: template<class _Tp, class _Seq> bool std::operator<(const std::queue<_Tp, _Seq>&, const std::queue<_Tp, _Seq>&)
     operator<(const queue<_Tp, _Seq>& __x, const queue<_Tp, _Seq>& __y)
     ^
/usr/include/c++/4.8/bits/stl_queue.h:286:5: note:   template argument deduction/substitution failed:
/home/unnar/catkin_ws/src/exx_wall_extraction/src/plane_test.cpp:236:46: note:   ‘std::set<std::set<int> >::const_iterator {aka std::_Rb_tree_const_iterator<std::set<int> >}’ is not derived from ‘const std::queue<_Tp, _Seq>’
             for ( ite = it+1; ite < sets.end(); ++ite){
                                              ^
In file included from /usr/include/c++/4.8/deque:64:0,
                 from /usr/include/boost/detail/container_fwd.hpp:91,
                 from /usr/include/boost/functional/hash/extensions.hpp:17,
                 from /usr/include/boost/functional/hash/hash.hpp:529,
                 from /usr/include/boost/functional/hash.hpp:6,
                 from /usr/include/boost/unordered/unordered_map.hpp:20,
                 from /usr/include/boost/unordered_map.hpp:16,
                 from /opt/ros/indigo/include/tf/tf.h:44,
                 from /opt/ros/indigo/include/tf/transform_listener.h:38,
                 from /opt/ros/indigo/include/pcl_ros/transforms.h:43,
                 from /home/unnar/catkin_ws/src/exx_wall_extraction/src/plane_test.cpp:2:
/usr/include/c++/4.8/bits/stl_deque.h:1975:5: note: template<class _Tp, class _Alloc> bool std::operator<(const std::deque<_Tp, _Alloc>&, const std::deque<_Tp, _Alloc>&)
     operator<(const deque<_Tp, _Alloc>& __x,
     ^
/usr/include/c++/4.8/bits/stl_deque.h:1975:5: note:   template argument deduction/substitution failed:
/home/unnar/catkin_ws/src/exx_wall_extraction/src/plane_test.cpp:236:46: note:   ‘std::set<std::set<int> >::const_iterator {aka std::_Rb_tree_const_iterator<std::set<int> >}’ is not derived from ‘const std::deque<_Tp, _Alloc>’
             for ( ite = it+1; ite < sets.end(); ++ite){
                                              ^
In file included from /usr/include/c++/4.8/deque:64:0,
                 from /usr/include/boost/detail/container_fwd.hpp:91,
                 from /usr/include/boost/functional/hash/extensions.hpp:17,
                 from /usr/include/boost/functional/hash/hash.hpp:529,
                 from /usr/include/boost/functional/hash.hpp:6,
                 from /usr/include/boost/unordered/unordered_map.hpp:20,
                 from /usr/include/boost/unordered_map.hpp:16,
                 from /opt/ros/indigo/include/tf/tf.h:44,
                 from /opt/ros/indigo/include/tf/transform_listener.h:38,
                 from /opt/ros/indigo/include/pcl_ros/transforms.h:43,
                 from /home/unnar/catkin_ws/src/exx_wall_extraction/src/plane_test.cpp:2:
/usr/include/c++/4.8/bits/stl_deque.h:281:5: note: template<class _Tp, class _RefL, class _PtrL, class _RefR, class _PtrR> bool std::operator<(const std::_Deque_iterator<_Tp, _Ref, _Ptr>&, const std::_Deque_iterator<_Tp, _RefR, _PtrR>&)
     operator<(const _Deque_iterator<_Tp, _RefL, _PtrL>& __x,
     ^
/usr/include/c++/4.8/bits/stl_deque.h:281:5: note:   template argument deduction/substitution failed:
/home/unnar/catkin_ws/src/exx_wall_extraction/src/plane_test.cpp:236:46: note:   ‘std::set<std::set<int> >::const_iterator {aka std::_Rb_tree_const_iterator<std::set<int> >}’ is not derived from ‘const std::_Deque_iterator<_Tp, _Ref, _Ptr>’
             for ( ite = it+1; ite < sets.end(); ++ite){
                                              ^
In file included from /usr/include/c++/4.8/deque:64:0,
                 from /usr/include/boost/detail/container_fwd.hpp:91,
                 from /usr/include/boost/functional/hash/extensions.hpp:17,
                 from /usr/include/boost/functional/hash/hash.hpp:529,
                 from /usr/include/boost/functional/hash.hpp:6,
                 from /usr/include/boost/unordered/unordered_map.hpp:20,
                 from /usr/include/boost/unordered_map.hpp:16,
                 from /opt/ros/indigo/include/tf/tf.h:44,
                 from /opt/ros/indigo/include/tf/transform_listener.h:38,
                 from /opt/ros/indigo/include/pcl_ros/transforms.h:43,
                 from /home/unnar/catkin_ws/src/exx_wall_extraction/src/plane_test.cpp:2:
/usr/include/c++/4.8/bits/stl_deque.h:273:5: note: template<class _Tp, class _Ref, class _Ptr> bool std::operator<(const std::_Deque_iterator<_Tp, _Ref, _Ptr>&, const std::_Deque_iterator<_Tp, _Ref, _Ptr>&)
     operator<(const _Deque_iterator<_Tp, _Ref, _Ptr>& __x,
     ^
/usr/include/c++/4.8/bits/stl_deque.h:273:5: note:   template argument deduction/substitution failed:
/home/unnar/catkin_ws/src/exx_wall_extraction/src/plane_test.cpp:236:46: note:   ‘std::set<std::set<int> >::const_iterator {aka std::_Rb_tree_const_iterator<std::set<int> >}’ is not derived from ‘const std::_Deque_iterator<_Tp, _Ref, _Ptr>’
             for ( ite = it+1; ite < sets.end(); ++ite){
                                              ^
In file included from /usr/include/c++/4.8/list:63:0,
                 from /opt/ros/indigo/include/ros/forwards.h:35,
                 from /opt/ros/indigo/include/ros/common.h:37,
                 from /opt/ros/indigo/include/ros/ros.h:43,
                 from /home/unnar/catkin_ws/src/exx_wall_extraction/src/plane_test.cpp:1:
/usr/include/c++/4.8/bits/stl_list.h:1631:5: note: template<class _Tp, class _Alloc> bool std::operator<(const std::list<_Tp, _Alloc>&, const std::list<_Tp, _Alloc>&)
     operator<(const list<_Tp, _Alloc>& __x, const list<_Tp, _Alloc>& __y)
     ^
/usr/include/c++/4.8/bits/stl_list.h:1631:5: note:   template argument deduction/substitution failed:
/home/unnar/catkin_ws/src/exx_wall_extraction/src/plane_test.cpp:236:46: note:   ‘std::set<std::set<int> >::const_iterator {aka std::_Rb_tree_const_iterator<std::set<int> >}’ is not derived from ‘const std::list<_Tp, _Alloc>’
             for ( ite = it+1; ite < sets.end(); ++ite){
                                              ^
In file included from /usr/include/c++/4.8/set:62:0,
                 from /opt/ros/indigo/include/ros/forwards.h:34,
                 from /opt/ros/indigo/include/ros/common.h:37,
                 from /opt/ros/indigo/include/ros/ros.h:43,
                 from /home/unnar/catkin_ws/src/exx_wall_extraction/src/plane_test.cpp:1:
/usr/include/c++/4.8/bits/stl_multiset.h:756:5: note: template<class _Key, class _Compare, class _Alloc> bool std::operator<(const std::multiset<_Key, _Compare, _Alloc>&, const std::multiset<_Key, _Compare, _Alloc>&)
     operator<(const multiset<_Key, _Compare, _Alloc>& __x,
     ^
/usr/include/c++/4.8/bits/stl_multiset.h:756:5: note:   template argument deduction/substitution failed:
/home/unnar/catkin_ws/src/exx_wall_extraction/src/plane_test.cpp:236:46: note:   ‘std::set<std::set<int> >::const_iterator {aka std::_Rb_tree_const_iterator<std::set<int> >}’ is not derived from ‘const std::multiset<_Key, _Compare, _Alloc>’
             for ( ite = it+1; ite < sets.end(); ++ite){
                                              ^
In file included from /usr/include/c++/4.8/set:61:0,
                 from /opt/ros/indigo/include/ros/forwards.h:34,
                 from /opt/ros/indigo/include/ros/common.h:37,
                 from /opt/ros/indigo/include/ros/ros.h:43,
                 from /home/unnar/catkin_ws/src/exx_wall_extraction/src/plane_test.cpp:1:
/usr/include/c++/4.8/bits/stl_set.h:771:5: note: template<class _Key, class _Compare, class _Alloc> bool std::operator<(const std::set<_Key, _Compare, _Alloc>&, const std::set<_Key, _Compare, _Alloc>&)
     operator<(const set<_Key, _Compare, _Alloc>& __x,
     ^
/usr/include/c++/4.8/bits/stl_set.h:771:5: note:   template argument deduction/substitution failed:
/home/unnar/catkin_ws/src/exx_wall_extraction/src/plane_test.cpp:236:46: note:   ‘std::set<std::set<int> >::const_iterator {aka std::_Rb_tree_const_iterator<std::set<int> >}’ is not derived from ‘const std::set<_Key, _Compare, _Alloc>’
             for ( ite = it+1; ite < sets.end(); ++ite){
                                              ^
In file included from /usr/include/c++/4.8/map:62:0,
                 from /opt/ros/indigo/include/ros/console.h:42,
                 from /opt/ros/indigo/include/ros/ros.h:40,
                 from /home/unnar/catkin_ws/src/exx_wall_extraction/src/plane_test.cpp:1:
/usr/include/c++/4.8/bits/stl_multimap.h:881:5: note: template<class _Key, class _Tp, class _Compare, class _Alloc> bool std::operator<(const std::multimap<_Key, _Tp, _Compare, _Alloc>&, const std::multimap<_Key, _Tp, _Compare, _Alloc>&)
     operator<(const multimap<_Key, _Tp, _Compare, _Alloc>& __x,
     ^
/usr/include/c++/4.8/bits/stl_multimap.h:881:5: note:   template argument deduction/substitution failed:
/home/unnar/catkin_ws/src/exx_wall_extraction/src/plane_test.cpp:236:46: note:   ‘std::set<std::set<int> >::const_iterator {aka std::_Rb_tree_const_iterator<std::set<int> >}’ is not derived from ‘const std::multimap<_Key, _Tp, _Compare, _Alloc>’
             for ( ite = it+1; ite < sets.end(); ++ite){
                                              ^
In file included from /usr/include/c++/4.8/map:61:0,
                 from /opt/ros/indigo/include/ros/console.h:42,
                 from /opt/ros/indigo/include/ros/ros.h:40,
                 from /home/unnar/catkin_ws/src/exx_wall_extraction/src/plane_test.cpp:1:
/usr/include/c++/4.8/bits/stl_map.h:979:5: note: template<class _Key, class _Tp, class _Compare, class _Alloc> bool std::operator<(const std::map<_Key, _Tp, _Compare, _Alloc>&, const std::map<_Key, _Tp, _Compare, _Alloc>&)
     operator<(const map<_Key, _Tp, _Compare, _Alloc>& __x,
     ^
/usr/include/c++/4.8/bits/stl_map.h:979:5: note:   template argument deduction/substitution failed:
/home/unnar/catkin_ws/src/exx_wall_extraction/src/plane_test.cpp:236:46: note:   ‘std::set<std::set<int> >::const_iterator {aka std::_Rb_tree_const_iterator<std::set<int> >}’ is not derived from ‘const std::map<_Key, _Tp, _Compare, _Alloc>’
             for ( ite = it+1; ite < sets.end(); ++ite){
                                              ^
In file included from /usr/include/c++/4.8/map:60:0,
                 from /opt/ros/indigo/include/ros/console.h:42,
                 from /opt/ros/indigo/include/ros/ros.h:40,
                 from /home/unnar/catkin_ws/src/exx_wall_extraction/src/plane_test.cpp:1:
/usr/include/c++/4.8/bits/stl_tree.h:917:5: note: template<class _Key, class _Val, class _KeyOfValue, class _Compare, class _Alloc> bool std::operator<(const std::_Rb_tree<_Key, _Val, _KeyOfValue, _Compare, _Alloc>&, const std::_Rb_tree<_Key, _Val, _KeyOfValue, _Compare, _Alloc>&)
     operator<(const _Rb_tree<_Key, _Val, _KeyOfValue, _Compare, _Alloc>& __x,
     ^
/usr/include/c++/4.8/bits/stl_tree.h:917:5: note:   template argument deduction/substitution failed:
/home/unnar/catkin_ws/src/exx_wall_extraction/src/plane_test.cpp:236:46: note:   ‘std::set<std::set<int> >::const_iterator {aka std::_Rb_tree_const_iterator<std::set<int> >}’ is not derived from ‘const std::_Rb_tree<_Key, _Val, _KeyOfValue, _Compare, _Alloc>’
             for ( ite = it+1; ite < sets.end(); ++ite){
                                              ^
In file included from /usr/include/c++/4.8/memory:82:0,
                 from /usr/include/boost/config/no_tr1/memory.hpp:21,
                 from /usr/include/boost/smart_ptr/shared_ptr.hpp:27,
                 from /usr/include/boost/shared_ptr.hpp:17,
                 from /usr/include/boost/format/alt_sstream.hpp:21,
                 from /usr/include/boost/format/internals.hpp:23,
                 from /usr/include/boost/format.hpp:38,
                 from /usr/include/boost/math/policies/error_handling.hpp:31,
                 from /usr/include/boost/math/special_functions/round.hpp:14,
                 from /opt/ros/indigo/include/ros/time.h:58,
                 from /opt/ros/indigo/include/ros/ros.h:38,
                 from /home/unnar/catkin_ws/src/exx_wall_extraction/src/plane_test.cpp:1:
/usr/include/c++/4.8/bits/shared_ptr.h:373:5: note: template<class _Tp> bool std::operator<(std::nullptr_t, const std::shared_ptr<_Tp1>&)
     operator<(nullptr_t, const shared_ptr<_Tp>& __a) noexcept
     ^
/usr/include/c++/4.8/bits/shared_ptr.h:373:5: note:   template argument deduction/substitution failed:
/home/unnar/catkin_ws/src/exx_wall_extraction/src/plane_test.cpp:236:46: note:   cannot convert ‘ite’ (type ‘std::set<std::set<int> >::const_iterator {aka std::_Rb_tree_const_iterator<std::set<int> >}’) to type ‘std::nullptr_t’
             for ( ite = it+1; ite < sets.end(); ++ite){
                                              ^
In file included from /usr/include/c++/4.8/memory:82:0,
                 from /usr/include/boost/config/no_tr1/memory.hpp:21,
                 from /usr/include/boost/smart_ptr/shared_ptr.hpp:27,
                 from /usr/include/boost/shared_ptr.hpp:17,
                 from /usr/include/boost/format/alt_sstream.hpp:21,
                 from /usr/include/boost/format/internals.hpp:23,
                 from /usr/include/boost/format.hpp:38,
                 from /usr/include/boost/math/policies/error_handling.hpp:31,
                 from /usr/include/boost/math/special_functions/round.hpp:14,
                 from /opt/ros/indigo/include/ros/time.h:58,
                 from /opt/ros/indigo/include/ros/ros.h:38,
                 from /home/unnar/catkin_ws/src/exx_wall_extraction/src/plane_test.cpp:1:
/usr/include/c++/4.8/bits/shared_ptr.h:368:5: note: template<class _Tp> bool std::operator<(const std::shared_ptr<_Tp1>&, std::nullptr_t)
     operator<(const shared_ptr<_Tp>& __a, nullptr_t) noexcept
     ^
/usr/include/c++/4.8/bits/shared_ptr.h:368:5: note:   template argument deduction/substitution failed:
/home/unnar/catkin_ws/src/exx_wall_extraction/src/plane_test.cpp:236:46: note:   ‘std::set<std::set<int> >::const_iterator {aka std::_Rb_tree_const_iterator<std::set<int> >}’ is not derived from ‘const std::shared_ptr<_Tp1>’
             for ( ite = it+1; ite < sets.end(); ++ite){
                                              ^
In file included from /usr/include/c++/4.8/memory:82:0,
                 from /usr/include/boost/config/no_tr1/memory.hpp:21,
                 from /usr/include/boost/smart_ptr/shared_ptr.hpp:27,
                 from /usr/include/boost/shared_ptr.hpp:17,
                 from /usr/include/boost/format/alt_sstream.hpp:21,
                 from /usr/include/boost/format/internals.hpp:23,
                 from /usr/include/boost/format.hpp:38,
                 from /usr/include/boost/math/policies/error_handling.hpp:31,
                 from /usr/include/boost/math/special_functions/round.hpp:14,
                 from /opt/ros/indigo/include/ros/time.h:58,
                 from /opt/ros/indigo/include/ros/ros.h:38,
                 from /home/unnar/catkin_ws/src/exx_wall_extraction/src/plane_test.cpp:1:
/usr/include/c++/4.8/bits/shared_ptr.h:359:5: note: template<class _Tp1, class _Tp2> bool std::operator<(const std::shared_ptr<_Tp1>&, const std::shared_ptr<_Tp2>&)
     operator<(const shared_ptr<_Tp1>& __a,
     ^
/usr/include/c++/4.8/bits/shared_ptr.h:359:5: note:   template argument deduction/substitution failed:
/home/unnar/catkin_ws/src/exx_wall_extraction/src/plane_test.cpp:236:46: note:   ‘std::set<std::set<int> >::const_iterator {aka std::_Rb_tree_const_iterator<std::set<int> >}’ is not derived from ‘const std::shared_ptr<_Tp1>’
             for ( ite = it+1; ite < sets.end(); ++ite){
                                              ^
In file included from /usr/include/c++/4.8/bits/shared_ptr.h:52:0,
                 from /usr/include/c++/4.8/memory:82,
                 from /usr/include/boost/config/no_tr1/memory.hpp:21,
                 from /usr/include/boost/smart_ptr/shared_ptr.hpp:27,
                 from /usr/include/boost/shared_ptr.hpp:17,
                 from /usr/include/boost/format/alt_sstream.hpp:21,
                 from /usr/include/boost/format/internals.hpp:23,
                 from /usr/include/boost/format.hpp:38,
                 from /usr/include/boost/math/policies/error_handling.hpp:31,
                 from /usr/include/boost/math/special_functions/round.hpp:14,
                 from /opt/ros/indigo/include/ros/time.h:58,
                 from /opt/ros/indigo/include/ros/ros.h:38,
                 from /home/unnar/catkin_ws/src/exx_wall_extraction/src/plane_test.cpp:1:
/usr/include/c++/4.8/bits/shared_ptr_base.h:1075:5: note: template<class _Tp, __gnu_cxx::_Lock_policy _Lp> bool std::operator<(std::nullptr_t, const std::__shared_ptr<_Tp, _Lp>&)
     operator<(nullptr_t, const __shared_ptr<_Tp, _Lp>& __a) noexcept
     ^
/usr/include/c++/4.8/bits/shared_ptr_base.h:1075:5: note:   template argument deduction/substitution failed:
/home/unnar/catkin_ws/src/exx_wall_extraction/src/plane_test.cpp:236:46: note:   cannot convert ‘ite’ (type ‘std::set<std::set<int> >::const_iterator {aka std::_Rb_tree_const_iterator<std::set<int> >}’) to type ‘std::nullptr_t’
             for ( ite = it+1; ite < sets.end(); ++ite){
                                              ^
In file included from /usr/include/c++/4.8/bits/shared_ptr.h:52:0,
                 from /usr/include/c++/4.8/memory:82,
                 from /usr/include/boost/config/no_tr1/memory.hpp:21,
                 from /usr/include/boost/smart_ptr/shared_ptr.hpp:27,
                 from /usr/include/boost/shared_ptr.hpp:17,
                 from /usr/include/boost/format/alt_sstream.hpp:21,
                 from /usr/include/boost/format/internals.hpp:23,
                 from /usr/include/boost/format.hpp:38,
                 from /usr/include/boost/math/policies/error_handling.hpp:31,
                 from /usr/include/boost/math/special_functions/round.hpp:14,
                 from /opt/ros/indigo/include/ros/time.h:58,
                 from /opt/ros/indigo/include/ros/ros.h:38,
                 from /home/unnar/catkin_ws/src/exx_wall_extraction/src/plane_test.cpp:1:
/usr/include/c++/4.8/bits/shared_ptr_base.h:1070:5: note: template<class _Tp, __gnu_cxx::_Lock_policy _Lp> bool std::operator<(const std::__shared_ptr<_Tp, _Lp>&, std::nullptr_t)
     operator<(const __shared_ptr<_Tp, _Lp>& __a, nullptr_t) noexcept
     ^
/usr/include/c++/4.8/bits/shared_ptr_base.h:1070:5: note:   template argument deduction/substitution failed:
/home/unnar/catkin_ws/src/exx_wall_extraction/src/plane_test.cpp:236:46: note:   ‘std::set<std::set<int> >::const_iterator {aka std::_Rb_tree_const_iterator<std::set<int> >}’ is not derived from ‘const std::__shared_ptr<_Tp, _Lp>’
             for ( ite = it+1; ite < sets.end(); ++ite){
                                              ^
In file included from /usr/include/c++/4.8/bits/shared_ptr.h:52:0,
                 from /usr/include/c++/4.8/memory:82,
                 from /usr/include/boost/config/no_tr1/memory.hpp:21,
                 from /usr/include/boost/smart_ptr/shared_ptr.hpp:27,
                 from /usr/include/boost/shared_ptr.hpp:17,
                 from /usr/include/boost/format/alt_sstream.hpp:21,
                 from /usr/include/boost/format/internals.hpp:23,
                 from /usr/include/boost/format.hpp:38,
                 from /usr/include/boost/math/policies/error_handling.hpp:31,
                 from /usr/include/boost/math/special_functions/round.hpp:14,
                 from /opt/ros/indigo/include/ros/time.h:58,
                 from /opt/ros/indigo/include/ros/ros.h:38,
                 from /home/unnar/catkin_ws/src/exx_wall_extraction/src/plane_test.cpp:1:
/usr/include/c++/4.8/bits/shared_ptr_base.h:1061:5: note: template<class _Tp1, class _Tp2, __gnu_cxx::_Lock_policy _Lp> bool std::operator<(const std::__shared_ptr<_Tp1, _Lp>&, const std::__shared_ptr<_Tp2, _Lp>&)
     operator<(const __shared_ptr<_Tp1, _Lp>& __a,
     ^
/usr/include/c++/4.8/bits/shared_ptr_base.h:1061:5: note:   template argument deduction/substitution failed:
/home/unnar/catkin_ws/src/exx_wall_extraction/src/plane_test.cpp:236:46: note:   ‘std::set<std::set<int> >::const_iterator {aka std::_Rb_tree_const_iterator<std::set<int> >}’ is not derived from ‘const std::__shared_ptr<_Tp1, _Lp>’
             for ( ite = it+1; ite < sets.end(); ++ite){
                                              ^
In file included from /usr/include/c++/4.8/memory:81:0,
                 from /usr/include/boost/config/no_tr1/memory.hpp:21,
                 from /usr/include/boost/smart_ptr/shared_ptr.hpp:27,
                 from /usr/include/boost/shared_ptr.hpp:17,
                 from /usr/include/boost/format/alt_sstream.hpp:21,
                 from /usr/include/boost/format/internals.hpp:23,
                 from /usr/include/boost/format.hpp:38,
                 from /usr/include/boost/math/policies/error_handling.hpp:31,
                 from /usr/include/boost/math/special_functions/round.hpp:14,
                 from /opt/ros/indigo/include/ros/time.h:58,
                 from /opt/ros/indigo/include/ros/ros.h:38,
                 from /home/unnar/catkin_ws/src/exx_wall_extraction/src/plane_test.cpp:1:
/usr/include/c++/4.8/bits/unique_ptr.h:540:5: note: template<class _Tp, class _Dp> bool std::operator<(std::nullptr_t, const std::unique_ptr<_Tp, _Dp>&)
     operator<(nullptr_t, const unique_ptr<_Tp, _Dp>& __x)
     ^
/usr/include/c++/4.8/bits/unique_ptr.h:540:5: note:   template argument deduction/substitution failed:
/home/unnar/catkin_ws/src/exx_wall_extraction/src/plane_test.cpp:236:46: note:   cannot convert ‘ite’ (type ‘std::set<std::set<int> >::const_iterator {aka std::_Rb_tree_const_iterator<std::set<int> >}’) to type ‘std::nullptr_t’
             for ( ite = it+1; ite < sets.end(); ++ite){
                                              ^
In file included from /usr/include/c++/4.8/memory:81:0,
                 from /usr/include/boost/config/no_tr1/memory.hpp:21,
                 from /usr/include/boost/smart_ptr/shared_ptr.hpp:27,
                 from /usr/include/boost/shared_ptr.hpp:17,
                 from /usr/include/boost/format/alt_sstream.hpp:21,
                 from /usr/include/boost/format/internals.hpp:23,
                 from /usr/include/boost/format.hpp:38,
                 from /usr/include/boost/math/policies/error_handling.hpp:31,
                 from /usr/include/boost/math/special_functions/round.hpp:14,
                 from /opt/ros/indigo/include/ros/time.h:58,
                 from /opt/ros/indigo/include/ros/ros.h:38,
                 from /home/unnar/catkin_ws/src/exx_wall_extraction/src/plane_test.cpp:1:
/usr/include/c++/4.8/bits/unique_ptr.h:534:5: note: template<class _Tp, class _Dp> bool std::operator<(const std::unique_ptr<_Tp, _Dp>&, std::nullptr_t)
     operator<(const unique_ptr<_Tp, _Dp>& __x, nullptr_t)
     ^
/usr/include/c++/4.8/bits/unique_ptr.h:534:5: note:   template argument deduction/substitution failed:
/home/unnar/catkin_ws/src/exx_wall_extraction/src/plane_test.cpp:236:46: note:   ‘std::set<std::set<int> >::const_iterator {aka std::_Rb_tree_const_iterator<std::set<int> >}’ is not derived from ‘const std::unique_ptr<_Tp, _Dp>’
             for ( ite = it+1; ite < sets.end(); ++ite){
                                              ^
In file included from /usr/include/c++/4.8/memory:81:0,
                 from /usr/include/boost/config/no_tr1/memory.hpp:21,
                 from /usr/include/boost/smart_ptr/shared_ptr.hpp:27,
                 from /usr/include/boost/shared_ptr.hpp:17,
                 from /usr/include/boost/format/alt_sstream.hpp:21,
                 from /usr/include/boost/format/internals.hpp:23,
                 from /usr/include/boost/format.hpp:38,
                 from /usr/include/boost/math/policies/error_handling.hpp:31,
                 from /usr/include/boost/math/special_functions/round.hpp:14,
                 from /opt/ros/indigo/include/ros/time.h:58,
                 from /opt/ros/indigo/include/ros/ros.h:38,
                 from /home/unnar/catkin_ws/src/exx_wall_extraction/src/plane_test.cpp:1:
/usr/include/c++/4.8/bits/unique_ptr.h:523:5: note: template<class _Tp, class _Dp, class _Up, class _Ep> bool std::operator<(const std::unique_ptr<_Tp, _Dp>&, const std::unique_ptr<_Up, _Ep>&)
     operator<(const unique_ptr<_Tp, _Dp>& __x,
     ^
/usr/include/c++/4.8/bits/unique_ptr.h:523:5: note:   template argument deduction/substitution failed:
/home/unnar/catkin_ws/src/exx_wall_extraction/src/plane_test.cpp:236:46: note:   ‘std::set<std::set<int> >::const_iterator {aka std::_Rb_tree_const_iterator<std::set<int> >}’ is not derived from ‘const std::unique_ptr<_Tp, _Dp>’
             for ( ite = it+1; ite < sets.end(); ++ite){
                                              ^
In file included from /usr/include/c++/4.8/functional:55:0,
                 from /usr/include/c++/4.8/bits/stl_algo.h:66,
                 from /usr/include/c++/4.8/algorithm:62,
                 from /usr/include/boost/math/tools/config.hpp:16,
                 from /usr/include/boost/math/special_functions/round.hpp:13,
                 from /opt/ros/indigo/include/ros/time.h:58,
                 from /opt/ros/indigo/include/ros/ros.h:38,
                 from /home/unnar/catkin_ws/src/exx_wall_extraction/src/plane_test.cpp:1:
/usr/include/c++/4.8/tuple:822:5: note: template<class ... _TElements, class ... _UElements> constexpr bool std::operator<(const std::tuple<_Elements ...>&, const std::tuple<_Elements ...>&)
     operator<(const tuple<_TElements...>& __t,
     ^
/usr/include/c++/4.8/tuple:822:5: note:   template argument deduction/substitution failed:
/home/unnar/catkin_ws/src/exx_wall_extraction/src/plane_test.cpp:236:46: note:   ‘std::set<std::set<int> >::const_iterator {aka std::_Rb_tree_const_iterator<std::set<int> >}’ is not derived from ‘const std::tuple<_Elements ...>’
             for ( ite = it+1; ite < sets.end(); ++ite){
                                              ^
In file included from /usr/include/c++/4.8/tuple:39:0,
                 from /usr/include/c++/4.8/functional:55,
                 from /usr/include/c++/4.8/bits/stl_algo.h:66,
                 from /usr/include/c++/4.8/algorithm:62,
                 from /usr/include/boost/math/tools/config.hpp:16,
                 from /usr/include/boost/math/special_functions/round.hpp:13,
                 from /opt/ros/indigo/include/ros/time.h:58,
                 from /opt/ros/indigo/include/ros/ros.h:38,
                 from /home/unnar/catkin_ws/src/exx_wall_extraction/src/plane_test.cpp:1:
/usr/include/c++/4.8/array:238:5: note: template<class _Tp, long unsigned int _Nm> bool std::operator<(const std::array<_Tp, _Nm>&, const std::array<_Tp, _Nm>&)
     operator<(const array<_Tp, _Nm>& __a, const array<_Tp, _Nm>& __b)
     ^
/usr/include/c++/4.8/array:238:5: note:   template argument deduction/substitution failed:
/home/unnar/catkin_ws/src/exx_wall_extraction/src/plane_test.cpp:236:46: note:   ‘std::set<std::set<int> >::const_iterator {aka std::_Rb_tree_const_iterator<std::set<int> >}’ is not derived from ‘const std::array<_Tp, _Nm>’
             for ( ite = it+1; ite < sets.end(); ++ite){
                                              ^
In file included from /usr/include/c++/4.8/vector:64:0,
                 from /usr/include/c++/4.8/bits/random.h:34,
                 from /usr/include/c++/4.8/random:50,
                 from /usr/include/c++/4.8/bits/stl_algo.h:65,
                 from /usr/include/c++/4.8/algorithm:62,
                 from /usr/include/boost/math/tools/config.hpp:16,
                 from /usr/include/boost/math/special_functions/round.hpp:13,
                 from /opt/ros/indigo/include/ros/time.h:58,
                 from /opt/ros/indigo/include/ros/ros.h:38,
                 from /home/unnar/catkin_ws/src/exx_wall_extraction/src/plane_test.cpp:1:
/usr/include/c++/4.8/bits/stl_vector.h:1421:5: note: template<class _Tp, class _Alloc> bool std::operator<(const std::vector<_Tp, _Alloc>&, const std::vector<_Tp, _Alloc>&)
     operator<(const vector<_Tp, _Alloc>& __x, const vector<_Tp, _Alloc>& __y)
     ^
/usr/include/c++/4.8/bits/stl_vector.h:1421:5: note:   template argument deduction/substitution failed:
/home/unnar/catkin_ws/src/exx_wall_extraction/src/plane_test.cpp:236:46: note:   ‘std::set<std::set<int> >::const_iterator {aka std::_Rb_tree_const_iterator<std::set<int> >}’ is not derived from ‘const std::vector<_Tp, _Alloc>’
             for ( ite = it+1; ite < sets.end(); ++ite){
                                              ^
In file included from /usr/include/c++/4.8/string:52:0,
                 from /opt/ros/indigo/include/ros/platform.h:55,
                 from /opt/ros/indigo/include/ros/time.h:53,
                 from /opt/ros/indigo/include/ros/ros.h:38,
                 from /home/unnar/catkin_ws/src/exx_wall_extraction/src/plane_test.cpp:1:
/usr/include/c++/4.8/bits/basic_string.h:2593:5: note: template<class _CharT, class _Traits, class _Alloc> bool std::operator<(const _CharT*, const std::basic_string<_CharT, _Traits, _Alloc>&)
     operator<(const _CharT* __lhs,
     ^
/usr/include/c++/4.8/bits/basic_string.h:2593:5: note:   template argument deduction/substitution failed:
/home/unnar/catkin_ws/src/exx_wall_extraction/src/plane_test.cpp:236:46: note:   mismatched types ‘const _CharT*’ and ‘std::_Rb_tree_const_iterator<std::set<int> >’
             for ( ite = it+1; ite < sets.end(); ++ite){
                                              ^
In file included from /usr/include/c++/4.8/string:52:0,
                 from /opt/ros/indigo/include/ros/platform.h:55,
                 from /opt/ros/indigo/include/ros/time.h:53,
                 from /opt/ros/indigo/include/ros/ros.h:38,
                 from /home/unnar/catkin_ws/src/exx_wall_extraction/src/plane_test.cpp:1:
/usr/include/c++/4.8/bits/basic_string.h:2581:5: note: template<class _CharT, class _Traits, class _Alloc> bool std::operator<(const std::basic_string<_CharT, _Traits, _Alloc>&, const _CharT*)
     operator<(const basic_string<_CharT, _Traits, _Alloc>& __lhs,
     ^
/usr/include/c++/4.8/bits/basic_string.h:2581:5: note:   template argument deduction/substitution failed:
/home/unnar/catkin_ws/src/exx_wall_extraction/src/plane_test.cpp:236:46: note:   ‘std::set<std::set<int> >::const_iterator {aka std::_Rb_tree_const_iterator<std::set<int> >}’ is not derived from ‘const std::basic_string<_CharT, _Traits, _Alloc>’
             for ( ite = it+1; ite < sets.end(); ++ite){
                                              ^
In file included from /usr/include/c++/4.8/string:52:0,
                 from /opt/ros/indigo/include/ros/platform.h:55,
                 from /opt/ros/indigo/include/ros/time.h:53,
                 from /opt/ros/indigo/include/ros/ros.h:38,
                 from /home/unnar/catkin_ws/src/exx_wall_extraction/src/plane_test.cpp:1:
/usr/include/c++/4.8/bits/basic_string.h:2569:5: note: template<class _CharT, class _Traits, class _Alloc> bool std::operator<(const std::basic_string<_CharT, _Traits, _Alloc>&, const std::basic_string<_CharT, _Traits, _Alloc>&)
     operator<(const basic_string<_CharT, _Traits, _Alloc>& __lhs,
     ^
/usr/include/c++/4.8/bits/basic_string.h:2569:5: note:   template argument deduction/substitution failed:
/home/unnar/catkin_ws/src/exx_wall_extraction/src/plane_test.cpp:236:46: note:   ‘std::set<std::set<int> >::const_iterator {aka std::_Rb_tree_const_iterator<std::set<int> >}’ is not derived from ‘const std::basic_string<_CharT, _Traits, _Alloc>’
             for ( ite = it+1; ite < sets.end(); ++ite){
                                              ^
In file included from /usr/include/c++/4.8/bits/stl_algobase.h:67:0,
                 from /usr/include/c++/4.8/bits/char_traits.h:39,
                 from /usr/include/c++/4.8/string:40,
                 from /opt/ros/indigo/include/ros/platform.h:55,
                 from /opt/ros/indigo/include/ros/time.h:53,
                 from /opt/ros/indigo/include/ros/ros.h:38,
                 from /home/unnar/catkin_ws/src/exx_wall_extraction/src/plane_test.cpp:1:
/usr/include/c++/4.8/bits/stl_iterator.h:1061:5: note: template<class _Iterator> bool std::operator<(const std::move_iterator<_Iterator>&, const std::move_iterator<_Iterator>&)
     operator<(const move_iterator<_Iterator>& __x,
     ^
/usr/include/c++/4.8/bits/stl_iterator.h:1061:5: note:   template argument deduction/substitution failed:
/home/unnar/catkin_ws/src/exx_wall_extraction/src/plane_test.cpp:236:46: note:   ‘std::set<std::set<int> >::const_iterator {aka std::_Rb_tree_const_iterator<std::set<int> >}’ is not derived from ‘const std::move_iterator<_Iterator>’
             for ( ite = it+1; ite < sets.end(); ++ite){
                                              ^
In file included from /usr/include/c++/4.8/bits/stl_algobase.h:67:0,
                 from /usr/include/c++/4.8/bits/char_traits.h:39,
                 from /usr/include/c++/4.8/string:40,
                 from /opt/ros/indigo/include/ros/platform.h:55,
                 from /opt/ros/indigo/include/ros/time.h:53,
                 from /opt/ros/indigo/include/ros/ros.h:38,
                 from /home/unnar/catkin_ws/src/exx_wall_extraction/src/plane_test.cpp:1:
/usr/include/c++/4.8/bits/stl_iterator.h:1055:5: note: template<class _IteratorL, class _IteratorR> bool std::operator<(const std::move_iterator<_Iterator>&, const std::move_iterator<_IteratorR>&)
     operator<(const move_iterator<_IteratorL>& __x,
     ^
/usr/include/c++/4.8/bits/stl_iterator.h:1055:5: note:   template argument deduction/substitution failed:
/home/unnar/catkin_ws/src/exx_wall_extraction/src/plane_test.cpp:236:46: note:   ‘std::set<std::set<int> >::const_iterator {aka std::_Rb_tree_const_iterator<std::set<int> >}’ is not derived from ‘const std::move_iterator<_Iterator>’
             for ( ite = it+1; ite < sets.end(); ++ite){
                                              ^
In file included from /usr/include/c++/4.8/bits/stl_algobase.h:67:0,
                 from /usr/include/c++/4.8/bits/char_traits.h:39,
                 from /usr/include/c++/4.8/string:40,
                 from /opt/ros/indigo/include/ros/platform.h:55,
                 from /opt/ros/indigo/include/ros/time.h:53,
                 from /opt/ros/indigo/include/ros/ros.h:38,
                 from /home/unnar/catkin_ws/src/exx_wall_extraction/src/plane_test.cpp:1:
/usr/include/c++/4.8/bits/stl_iterator.h:347:5: note: template<class _IteratorL, class _IteratorR> bool std::operator<(const std::reverse_iterator<_Iterator>&, const std::reverse_iterator<_IteratorR>&)
     operator<(const reverse_iterator<_IteratorL>& __x,
     ^
/usr/include/c++/4.8/bits/stl_iterator.h:347:5: note:   template argument deduction/substitution failed:
/home/unnar/catkin_ws/src/exx_wall_extraction/src/plane_test.cpp:236:46: note:   ‘std::set<std::set<int> >::const_iterator {aka std::_Rb_tree_const_iterator<std::set<int> >}’ is not derived from ‘const std::reverse_iterator<_Iterator>’
             for ( ite = it+1; ite < sets.end(); ++ite){
                                              ^
In file included from /usr/include/c++/4.8/bits/stl_algobase.h:67:0,
                 from /usr/include/c++/4.8/bits/char_traits.h:39,
                 from /usr/include/c++/4.8/string:40,
                 from /opt/ros/indigo/include/ros/platform.h:55,
                 from /opt/ros/indigo/include/ros/time.h:53,
                 from /opt/ros/indigo/include/ros/ros.h:38,
                 from /home/unnar/catkin_ws/src/exx_wall_extraction/src/plane_test.cpp:1:
/usr/include/c++/4.8/bits/stl_iterator.h:297:5: note: template<class _Iterator> bool std::operator<(const std::reverse_iterator<_Iterator>&, const std::reverse_iterator<_Iterator>&)
     operator<(const reverse_iterator<_Iterator>& __x,
     ^
/usr/include/c++/4.8/bits/stl_iterator.h:297:5: note:   template argument deduction/substitution failed:
/home/unnar/catkin_ws/src/exx_wall_extraction/src/plane_test.cpp:236:46: note:   ‘std::set<std::set<int> >::const_iterator {aka std::_Rb_tree_const_iterator<std::set<int> >}’ is not derived from ‘const std::reverse_iterator<_Iterator>’
             for ( ite = it+1; ite < sets.end(); ++ite){
                                              ^
In file included from /usr/include/c++/4.8/bits/stl_algobase.h:64:0,
                 from /usr/include/c++/4.8/bits/char_traits.h:39,
                 from /usr/include/c++/4.8/string:40,
                 from /opt/ros/indigo/include/ros/platform.h:55,
                 from /opt/ros/indigo/include/ros/time.h:53,
                 from /opt/ros/indigo/include/ros/ros.h:38,
                 from /home/unnar/catkin_ws/src/exx_wall_extraction/src/plane_test.cpp:1:
/usr/include/c++/4.8/bits/stl_pair.h:220:5: note: template<class _T1, class _T2> constexpr bool std::operator<(const std::pair<_T1, _T2>&, const std::pair<_T1, _T2>&)
     operator<(const pair<_T1, _T2>& __x, const pair<_T1, _T2>& __y)
     ^
/usr/include/c++/4.8/bits/stl_pair.h:220:5: note:   template argument deduction/substitution failed:
/home/unnar/catkin_ws/src/exx_wall_extraction/src/plane_test.cpp:236:46: note:   ‘std::set<std::set<int> >::const_iterator {aka std::_Rb_tree_const_iterator<std::set<int> >}’ is not derived from ‘const std::pair<_T1, _T2>’
             for ( ite = it+1; ite < sets.end(); ++ite){
                                              ^
In file included from /usr/include/boost/algorithm/string/std/slist_traits.hpp:16:0,
                 from /usr/include/boost/algorithm/string/std_containers_traits.hpp:23,
                 from /usr/include/boost/algorithm/string.hpp:18,
                 from /usr/include/pcl-1.7/pcl/visualization/boost.h:54,
                 from /usr/include/pcl-1.7/pcl/visualization/common/actor_map.h:48,
                 from /usr/include/pcl-1.7/pcl/visualization/pcl_visualizer.h:47,
                 from /usr/include/pcl-1.7/pcl/visualization/cloud_viewer.h:39,
                 from /home/unnar/catkin_ws/src/exx-compression/include/plane_features/plane_features.h:8,
                 from /home/unnar/catkin_ws/src/exx_wall_extraction/src/plane_test.cpp:4:
/usr/include/c++/4.8/ext/slist:812:5: note: template<class _Tp, class _Alloc> bool __gnu_cxx::operator<(const __gnu_cxx::slist<_Tp, _Alloc>&, const __gnu_cxx::slist<_Tp, _Alloc>&)
     operator<(const slist<_Tp, _Alloc>& _SL1, const slist<_Tp, _Alloc>& _SL2)
     ^
/usr/include/c++/4.8/ext/slist:812:5: note:   template argument deduction/substitution failed:
/home/unnar/catkin_ws/src/exx_wall_extraction/src/plane_test.cpp:236:46: note:   ‘std::set<std::set<int> >::const_iterator {aka std::_Rb_tree_const_iterator<std::set<int> >}’ is not derived from ‘const __gnu_cxx::slist<_Tp, _Alloc>’
             for ( ite = it+1; ite < sets.end(); ++ite){
                                              ^
In file included from /usr/include/c++/4.8/bits/stl_algobase.h:67:0,
                 from /usr/include/c++/4.8/bits/char_traits.h:39,
                 from /usr/include/c++/4.8/string:40,
                 from /opt/ros/indigo/include/ros/platform.h:55,
                 from /opt/ros/indigo/include/ros/time.h:53,
                 from /opt/ros/indigo/include/ros/ros.h:38,
                 from /home/unnar/catkin_ws/src/exx_wall_extraction/src/plane_test.cpp:1:
/usr/include/c++/4.8/bits/stl_iterator.h:836:5: note: template<class _Iterator, class _Container> bool __gnu_cxx::operator<(const __gnu_cxx::__normal_iterator<_Iterator, _Container>&, const __gnu_cxx::__normal_iterator<_Iterator, _Container>&)
     operator<(const __normal_iterator<_Iterator, _Container>& __lhs,
     ^
/usr/include/c++/4.8/bits/stl_iterator.h:836:5: note:   template argument deduction/substitution failed:
/home/unnar/catkin_ws/src/exx_wall_extraction/src/plane_test.cpp:236:46: note:   ‘std::set<std::set<int> >::const_iterator {aka std::_Rb_tree_const_iterator<std::set<int> >}’ is not derived from ‘const __gnu_cxx::__normal_iterator<_Iterator, _Container>’
             for ( ite = it+1; ite < sets.end(); ++ite){
                                              ^
In file included from /usr/include/c++/4.8/bits/stl_algobase.h:67:0,
                 from /usr/include/c++/4.8/bits/char_traits.h:39,
                 from /usr/include/c++/4.8/string:40,
                 from /opt/ros/indigo/include/ros/platform.h:55,
                 from /opt/ros/indigo/include/ros/time.h:53,
                 from /opt/ros/indigo/include/ros/ros.h:38,
                 from /home/unnar/catkin_ws/src/exx_wall_extraction/src/plane_test.cpp:1:
/usr/include/c++/4.8/bits/stl_iterator.h:830:5: note: template<class _IteratorL, class _IteratorR, class _Container> bool __gnu_cxx::operator<(const __gnu_cxx::__normal_iterator<_IteratorL, _Container>&, const __gnu_cxx::__normal_iterator<_IteratorR, _Container>&)
     operator<(const __normal_iterator<_IteratorL, _Container>& __lhs,
     ^
/usr/include/c++/4.8/bits/stl_iterator.h:830:5: note:   template argument deduction/substitution failed:
/home/unnar/catkin_ws/src/exx_wall_extraction/src/plane_test.cpp:236:46: note:   ‘std::set<std::set<int> >::const_iterator {aka std::_Rb_tree_const_iterator<std::set<int> >}’ is not derived from ‘const __gnu_cxx::__normal_iterator<_IteratorL, _Container>’
             for ( ite = it+1; ite < sets.end(); ++ite){
                                              ^
/home/unnar/catkin_ws/src/exx_wall_extraction/src/plane_test.cpp:241:43: error: invalid use of member function (did you forget the ‘()’ ?)
                 if (it->size >= ite->size()){
                                           ^
/home/unnar/catkin_ws/src/exx_wall_extraction/src/plane_test.cpp:242:84: error: expected unqualified-id before ‘.’ token
                     std::set_difference(ite->begin(), ite->end(), it->begin(), it->.end(), 
                                                                                    ^
/home/unnar/catkin_ws/src/exx_wall_extraction/src/plane_test.cpp:244:25: error: ‘std::set<std::set<int> >::const_iterator’ has no member named ‘swap’
                     ite.swap(tmp);
                         ^
/home/unnar/catkin_ws/src/exx_wall_extraction/src/plane_test.cpp:246:84: error: expected unqualified-id before ‘.’ token
                     std::set_difference(it->begin(), it->end(), ite->begin(), ite->.end(), 
                                                                                    ^
/home/unnar/catkin_ws/src/exx_wall_extraction/src/plane_test.cpp:248:33: warning: passing ‘const std::set<int>’ as ‘this’ argument of ‘void std::set<_Key, _Compare, _Alloc>::swap(std::set<_Key, _Compare, _Alloc>&) [with _Key = int; _Compare = std::less<int>; _Alloc = std::allocator<int>]’ discards qualifiers [-fpermissive]
                     it->swap(tmp);
                                 ^
make[2]: *** [exx_wall_extraction/CMakeFiles/plane_test.dir/src/plane_test.cpp.o] Error 1
make[1]: *** [exx_wall_extraction/CMakeFiles/plane_test.dir/all] Error 2
make: *** [all] Error 2
Invoking "make -j4 -l4" failed
